>>>>>>>>>>>> Array : 117 elements <<<<<<<<<<<<<
  "PAIRING FAILURE SCREEN : WAITING THE DESCRIPTION CONTENT FROM UPC !!",
  "Please wait",
  Comments,
  DIC_SECOND_SCREEN_ACTION_ERROR_MSG,
  DIC_SECOND_SCREEN_ACTION_ERROR_MSG_AUTH_LEVEL_C_REQ,
  DIC_SECOND_SCREEN_ACTION_ERROR_MSG_TITLE,
  DIC_SECOND_SCREEN_ACTION_FAV_INFO_MSG_REMOVED,
  DIC_SECOND_SCREEN_ACTION_REMOVE_FROM_FAV,
  DIC_SECOND_SCREEN_ADVANCED,
  DIC_SECOND_SCREEN_ALL,
  DIC_SECOND_SCREEN_ALL_2,
  DIC_SECOND_SCREEN_BACK,
  DIC_SECOND_SCREEN_CHOOSE_COUNTRY,
  DIC_SECOND_SCREEN_CLASSIC,
  DIC_SECOND_SCREEN_CONNECTION_PROBLEM,
  DIC_SECOND_SCREEN_CONNECTION_PROBLEM_2,
  DIC_SECOND_SCREEN_CONTENT_NOT_AVAILABLE,
  DIC_SECOND_SCREEN_CREATE_ACCOUNT,
  DIC_SECOND_SCREEN_DATA_RETR_ERROR,
  DIC_SECOND_SCREEN_DEVICES_MSG,
  DIC_SECOND_SCREEN_ENTER_LOGIN,
  DIC_SECOND_SCREEN_ENTER_PASSWORD,
  DIC_SECOND_SCREEN_FACEBOOK,
  DIC_SECOND_SCREEN_FACEBOOK_LATER,
  DIC_SECOND_SCREEN_FACEBOOK_LOGIN_QUESTION,
  DIC_SECOND_SCREEN_FACEBOOK_MESSAGES,
  DIC_SECOND_SCREEN_FACEBOOK_NOW,
  DIC_SECOND_SCREEN_FACEBOOK_SETTINGS,
  DIC_SECOND_SCREEN_FAQ,
  DIC_SECOND_SCREEN_FIRST_INSTALL_ACTION_FORGOTTEN_CREDENTIALS,
  DIC_SECOND_SCREEN_FIRST_INSTALL_INFO_MSG_MYUPC_REGISTRATION,
  DIC_SECOND_SCREEN_FIRST_INSTALL_LOGIN_PROMPT,
  DIC_SECOND_SCREEN_FIRST_INSTALL_REGISTRATION_MORE_INFO,
  DIC_SECOND_SCREEN_FIRST_INSTALL_REGISTRATION_NO,
  DIC_SECOND_SCREEN_FIRST_INSTALL_REGISTRATION_REGISTER,
  DIC_SECOND_SCREEN_FIRST_INSTALL_REGISTRATION_YES,
  DIC_SECOND_SCREEN_FIRST_INSTALL_SCREEN_TITLE_COUNTRY,
  DIC_SECOND_SCREEN_FORGOT_PASSWORD,
  DIC_SECOND_SCREEN_FORMAT_ERROR,
  DIC_SECOND_SCREEN_GENERIC_LOGIN_ERROR,
  DIC_SECOND_SCREEN_HASHTAG,
  DIC_SECOND_SCREEN_HN_VIDEOS_MSG,
  DIC_SECOND_SCREEN_INFO_MSG_NO_RESULT,
  DIC_SECOND_SCREEN_INSTAL_PROBLEM,
  DIC_SECOND_SCREEN_KEYWORD,
  DIC_SECOND_SCREEN_LIST_OF_RECORDINGS_MSG,
  DIC_SECOND_SCREEN_LOGIN,
  DIC_SECOND_SCREEN_LOGIN_ERROR,
  DIC_SECOND_SCREEN_MENU,
  DIC_SECOND_SCREEN_MESSAGES,
  DIC_SECOND_SCREEN_MYLIBRARY_CONTENT_NOT_AVAILABLE,
  DIC_SECOND_SCREEN_MYPHOTOS_ERROR_MSG_FILE_SIZE,
  DIC_SECOND_SCREEN_MYVIDEOS_INFO_MSG_NO_CONTENT,
  DIC_SECOND_SCREEN_NAVIGATION,
  DIC_SECOND_SCREEN_NETHERLANDS,
  DIC_SECOND_SCREEN_NETOWRK_ERROR_MESSAGE,
  DIC_SECOND_SCREEN_NETWORK_PROBLE,,
  DIC_SECOND_SCREEN_NONE,
  DIC_SECOND_SCREEN_NONE_2,
  DIC_SECOND_SCREEN_NOT-CONNECTED_MSG,
  DIC_SECOND_SCREEN_NO_CONTENT_MSG,
  DIC_SECOND_SCREEN_NO_DEVICES_MSG,
  DIC_SECOND_SCREEN_NO_MUSIC_MSG,
  DIC_SECOND_SCREEN_NO_PHOTOS_MSG,
  DIC_SECOND_SCREEN_NO_RESPONSE_ERROR,
  DIC_SECOND_SCREEN_NO_VIDEOS_MSG,
  DIC_SECOND_SCREEN_OK,
  DIC_SECOND_SCREEN_PAIRING_ERROR_MSG_AUTH_LEVEL_C,
  DIC_SECOND_SCREEN_PAIR_SUCCEFFUL_MSG,
  DIC_SECOND_SCREEN_PASSWORD_ERROR,
  DIC_SECOND_SCREEN_PB-PROBLEM,
  DIC_SECOND_SCREEN_PLANNER_INFO_MSG_NO_REC,
  DIC_SECOND_SCREEN_PLAYBACK_ERROR_MSG,
  DIC_SECOND_SCREEN_RCU,
  DIC_SECOND_SCREEN_RECOM_CHANNEL,
  DIC_SECOND_SCREEN_RECOM_CHANNEL_TIME,
  DIC_SECOND_SCREEN_RECOM_CHANNEL_TIME_DATE,
  DIC_SECOND_SCREEN_RECOM_TITLE,
  DIC_SECOND_SCREEN_RECORD_NOT_RECVD,
  DIC_SECOND_SCREEN_RECORD_RECVD_SUCCESS,
  DIC_SECOND_SCREEN_REFRESH,
  DIC_SECOND_SCREEN_REGIS_USER_MSG,
  DIC_SECOND_SCREEN_REMINDER_ACTION_DISMISS,
  DIC_SECOND_SCREEN_REMINDER_ACTION_WATCH,
  DIC_SECOND_SCREEN_REMOTE_BOOKING_INFO_MSG_SENDING,
  DIC_SECOND_SCREEN_SETTINGS_STREAMING,
  DIC_SECOND_SCREEN_SETTINGS_STREAMING_ALWAYS,
  DIC_SECOND_SCREEN_SETTINGS_STREAMING_NO_ROAMING,
  DIC_SECOND_SCREEN_SETTINGS_STREAMING_WIFI_ONLY,
  DIC_SECOND_SCREEN_SETUPDIC_SECOND_SCREEN_SETUP_INFO_MSG_MYUPC_ACCOUNT,
  DIC_SECOND_SCREEN_SETUP_ACCOUNT,
  DIC_SECOND_SCREEN_SETUP_ACTION_LOG_IN,
  DIC_SECOND_SCREEN_SETUP_ACTION_LOG_IN_2,
  DIC_SECOND_SCREEN_SETUP_ACTION_LOG_OUT,
  DIC_SECOND_SCREEN_SETUP_CANCEL,
  DIC_SECOND_SCREEN_SETUP_CONFIRM,
  DIC_SECOND_SCREEN_SETUP_INFO_MSG_DISCONNECTED,
  DIC_SECOND_SCREEN_SHARE,
  DIC_SECOND_SCREEN_SIGNOUT,
  DIC_SECOND_SCREEN_SUBGENRE,
  DIC_SECOND_SCREEN_SWITZERLAND,
  DIC_SECOND_SCREEN_TOOLBOX,
  DIC_SECOND_SCREEN_TUTORIALS,
  DIC_SECOND_SCREEN_TWITTER,
  DIC_SECOND_SCREEN_TWITTER_LATER,
  DIC_SECOND_SCREEN_TWITTER_LOGIN_QUESTION,
  DIC_SECOND_SCREEN_TWITTER_MESSAGES,
  DIC_SECOND_SCREEN_TWITTER_NOW,
  DIC_SECOND_SCREEN_TWITTER_SETTINGS,
  DIC_SECOND_SCREEN_USE_AS-REMOTE_MSG,
  DIC_SECOND_SCREEN_VIDEOS_BOUGHT_MSG,
  DIC_SECOND_SCREEN_VIDEOS_MSG,
  DIC_SECOND_SCREEN_VIDEO_BACKGROUND,
  DIC_SECOND_SCREEN_WATCHONTV,
  DIC_SECOND_SCREEN_WATCH_ERROR_MSG_NOT_ENTITLED,
  DIC_SECOND_SCREEN__ONLY_UPC,
  Second Screen IDs
