>>>>>>>>>>>> Array : 161 elements <<<<<<<<<<<<<
  DIC_ACTION_DELETE_RECORD,
  DIC_ACTION_LIST_CONFIRM_RECORD,
  DIC_ACTION_RECORD_EVENT,
  DIC_ADV_SEARCH_ANY_KEYWORD,
  DIC_ADV_SEARCH_CRITERIA_ALL,
  DIC_ADV_SEARCH_CRITERIA_CHANNEL,
  DIC_ADV_SEARCH_CRITERIA_DAY,
  DIC_ADV_SEARCH_CRITERIA_DAY_PART,
  DIC_ADV_SEARCH_CRITERIA_DAY_PART_AFTNOON,
  DIC_ADV_SEARCH_CRITERIA_DAY_PART_ALL_DAY,
  DIC_ADV_SEARCH_CRITERIA_DAY_PART_CURR_TIME,
  DIC_ADV_SEARCH_CRITERIA_DAY_PART_EVE,
  DIC_ADV_SEARCH_CRITERIA_DAY_PART_MOR,
  DIC_ADV_SEARCH_CRITERIA_DAY_PART_NIGHT,
  DIC_ADV_SEARCH_CRITERIA_DAY_PART_NOON,
  DIC_ADV_SEARCH_CRITERIA_DAY_SAT,
  DIC_ADV_SEARCH_CRITERIA_GENRE,
  DIC_ADV_SEARCH_CRITERIA_PRICE,
  DIC_ADV_SEARCH_CRITERIA_VIDEO,
  DIC_ADV_SEARCH_CRITERIA_VIDEO_3D,
  DIC_ADV_SEARCH_CRITERIA_VIDEO_ALL,
  DIC_ADV_SEARCH_CRITERIA_VIDEO_CRITERIA,
  DIC_ADV_SEARCH_CRITERIA_VIDEO_HD,
  DIC_ADV_SEARCH_CRITERIA_VIDEO_SD,
  DIC_ALL,
  DIC_DATE,
  DIC_DISLIKE,
  DIC_END_TIME,
  DIC_FAV_CONFIRMATION,
  DIC_FREE_CONTENT,
  DIC_FREQUENCY_RECORD,
  DIC_GRID_LIST_VIEW_OPTION_BYCHANNEL,
  DIC_GRID_LIST_VIEW_OPTION_BYGENRE,
  DIC_GUIDE_NO_INFO,
  DIC_LIBRAY_NOTIF_NO_RECO_PROGS,
  DIC_LIKE,
  DIC_MAIN_MENU_ADVANCED,
  DIC_MAIN_MENU_GUIDE,
  DIC_MAIN_MENU_HISTORY,
  DIC_MAIN_MENU_KEYWORD,
  DIC_MAIN_MENU_MY_LIB,
  DIC_MAIN_MENU_ON_NOW,
  DIC_MAIN_MENU_PROG_GRID_ALL_CHANNELS,
  DIC_MAIN_MENU_SEARCH,
  DIC_MAIN_MENU_SETTINGS,
  DIC_MAIN_MENU_STORE,
  DIC_MAIN_MENU_TOOLBOX,
  DIC_MAIN_MENU_UPC_FOR_YOU,
  DIC_MEMO_CONFIRMATION,
  DIC_MY_DEVICES,
  DIC_MY_MUSIC,
  DIC_MY_PHOTOS,
  DIC_MY_VIDEOS,
  DIC_NEXT,
  DIC_NOW,
  DIC_NOW_PLAYING,
  DIC_OPTION_NOT_VALID,
  DIC_PAY_CONTENT,
  DIC_PIN_CODE_ENTRY,
  DIC_PLANNER,
  DIC_PROG_ACTION_ADDTOFAVORITES,
  DIC_PROG_ACTION_AUDIO_LIST,
  DIC_PROG_ACTION_BUY,
  DIC_PROG_ACTION_CANCEL_REMINDER,
  DIC_PROG_ACTION_CONFIRM_REMOVEFROMFAVORITES,
  DIC_PROG_ACTION_FORMAT,
  DIC_PROG_ACTION_PAUSE,
  DIC_PROG_ACTION_PAUSE_SLIDESHOW,
  DIC_PROG_ACTION_PLAY,
  DIC_PROG_ACTION_PLAYFROMBEGINNING,
  DIC_PROG_ACTION_PROTECT,
  DIC_PROG_ACTION_RATE,
  DIC_PROG_ACTION_RELATED,
  DIC_PROG_ACTION_REMINDER,
  DIC_PROG_ACTION_RESUME_SLIDESHOW,
  DIC_PROG_ACTION_ROTATE_LEFT,
  DIC_PROG_ACTION_ROTATE_RIGHT,
  DIC_PROG_ACTION_SLIDESHOW,
  DIC_PROG_ACTION_START_SLIDESHOW,
  DIC_PROG_ACTION_STOP_SLIDESHOW,
  DIC_PROG_ACTION_SUBSCRIBE,
  DIC_PROG_ACTION_SUBTITLE,
  DIC_PROG_ACTION_SUMMARY,
  DIC_PROG_ACTION_UNPROTECT,
  DIC_PROG_ACTION_VIDEO,
  DIC_RECENTLY_ADDED,
  DIC_SEARCH_REDEFINE_SEARCH,
  DIC_SEARCH_REFINE_PRICE,
  DIC_SEARCH_REFINE_RELEVANCY,
  DIC_SEARCH_REFINE_SOURCE,
  DIC_SEARCH_REFINE_TIME,
  DIC_SECOND_SCREEN_ACTION_REMOVE_FROM_FAV,
  DIC_SECOND_SCREEN_ADVANCED,
  DIC_SECOND_SCREEN_ALL,
  DIC_SECOND_SCREEN_BACK,
  DIC_SECOND_SCREEN_CHOOSE_COUNTRY,
  DIC_SECOND_SCREEN_CLASSIC,
  DIC_SECOND_SCREEN_CONNECTION_PROBLEM,
  DIC_SECOND_SCREEN_DATA_RETR_ERROR,
  DIC_SECOND_SCREEN_ENTER_LOGIN,
  DIC_SECOND_SCREEN_ENTER_PASSWORD,
  DIC_SECOND_SCREEN_FACEBOOK,
  DIC_SECOND_SCREEN_FACEBOOK_LATER,
  DIC_SECOND_SCREEN_FACEBOOK_LOGIN_QUESTION,
  DIC_SECOND_SCREEN_FACEBOOK_NOW,
  DIC_SECOND_SCREEN_FACEBOOK_SETTINGS,
  DIC_SECOND_SCREEN_GENERIC_LOGIN_ERROR,
  DIC_SECOND_SCREEN_HASHTAG,
  DIC_SECOND_SCREEN_LOGIN,
  DIC_SECOND_SCREEN_MENU,
  DIC_SECOND_SCREEN_MYVIDEOS_INFO_MSG_NO_CONTENT,
  DIC_SECOND_SCREEN_NAVIGATION,
  DIC_SECOND_SCREEN_NETHERLANDS,
  DIC_SECOND_SCREEN_NETOWRK_ERROR_MESSAGE,
  DIC_SECOND_SCREEN_NONE,
  DIC_SECOND_SCREEN_NO_RESPONSE_ERROR,
  DIC_SECOND_SCREEN_RCU,
  DIC_SECOND_SCREEN_RECOM_CHANNEL,
  DIC_SECOND_SCREEN_RECOM_CHANNEL_TIME,
  DIC_SECOND_SCREEN_RECOM_CHANNEL_TIME_DATE,
  DIC_SECOND_SCREEN_RECOM_TITLE,
  DIC_SECOND_SCREEN_RECORD_NOT_RECVD,
  DIC_SECOND_SCREEN_RECORD_RECVD_SUCCESS,
  DIC_SECOND_SCREEN_SETTINGS_STREAMING,
  DIC_SECOND_SCREEN_SETTINGS_STREAMING_ALWAYS,
  DIC_SECOND_SCREEN_SETTINGS_STREAMING_NO_ROAMING,
  DIC_SECOND_SCREEN_SETTINGS_STREAMING_WIFI_ONLY,
  DIC_SECOND_SCREEN_SHARE,
  DIC_SECOND_SCREEN_SIGNOUT,
  DIC_SECOND_SCREEN_SUBGENRE,
  DIC_SECOND_SCREEN_SWITZERLAND,
  DIC_SECOND_SCREEN_TUTORIALS,
  DIC_SECOND_SCREEN_TWITTER,
  DIC_SECOND_SCREEN_TWITTER_LATER,
  DIC_SECOND_SCREEN_TWITTER_LOGIN_QUESTION,
  DIC_SECOND_SCREEN_TWITTER_MESSAGES,
  DIC_SECOND_SCREEN_TWITTER_NOW,
  DIC_SECOND_SCREEN_TWITTER_SETTINGS,
  DIC_SECOND_SCREEN_WATCHONTV,
  DIC_SECOND_SCREEN__ONLY_UPC,
  DIC_SETTINGS_PARENTAL,
  DIC_SINGLE_SERIES_PROG,
  DIC_START_TIME,
  DIC_STORE_ALLVIDEOS,
  DIC_STORE_RESULTS,
  DIC_STORE_SORT_AZ,
  DIC_STORE_SORT_DATE,
  DIC_STORE_WATCH_TRAILER,
  DIC_SUMMARY_CAST,
  DIC_SUMMARY_DIRECTOR,
  DIC_TITLE_EXPIRING_SOON,
  DIC_TITLE_FILTER,
  DIC_TITLE_SORT,
  DIC_TITLE_SOURCE,
  DIC_TS_STOP,
  DIC_TV_RESULTS,
  DIC_UNSUBSCRIBED_CHANNEL,
  DIC_UPC_FORU_EXPERT_RECOM,
  DIC_UPC_FORU_EXPLORE_RECOM,
  DIC_UPC_FORU_FEATURED,
  DIC_UPC_FORU_RECOM_FOR_YOU
