>>>>>>>>>>>> Array : 2004 elements <<<<<<<<<<<<<
  DIC_1280x720i_50,
  DIC_1280x720p_50,
  DIC_1920x1080i_50,
  DIC_1920x1080p_50,
  DIC_3D_MODE,
  DIC_3D_VIDEO_FORMAT,
  DIC_720x576i_50,
  DIC_720x576p_50,
  DIC_AC3_DISABLED,
  DIC_AC3_ENABLED,
  DIC_ACCEPT,
  DIC_ACCEPT_MANDATORY,
  DIC_ACCESSORIES,
  DIC_ACCESS_DENIED,
  DIC_ACCESS_POINT,
  DIC_ACTION_ADD_MANUAL_RECORD_INFO,
  DIC_ACTION_ADD_RECORD_INFO,
  DIC_ACTION_ADD_REMINDER_INFO,
  DIC_ACTION_APP_ACTIVATE,
  DIC_ACTION_APP_INFO,
  DIC_ACTION_APP_LAUNCH,
  DIC_ACTION_APP_QUIT,
  DIC_ACTION_BOOK_RECORD_ALL,
  DIC_ACTION_BOOK_RECORD_ONE,
  DIC_ACTION_BROWSE,
  DIC_ACTION_CANCEL_BOOKING,
  DIC_ACTION_CANCEL_MANUAL_RECORD,
  DIC_ACTION_DELETE_MANUAL_RECORD_INFO,
  DIC_ACTION_DELETE_RECORD,
  DIC_ACTION_DELETE_RECORD_INFO,
  DIC_ACTION_DELETE_REMINDER_INFO,
  DIC_ACTION_KEEP_BOOKING,
  DIC_ACTION_LIST_CANCEL_BOOKING,
  DIC_ACTION_LIST_CONFIRM_RECORD,
  DIC_ACTION_LIST_MODIFY_PARAMETERS,
  DIC_ACTION_LIST_RECORD_EVENT,
  DIC_ACTION_LIST_RECORD_MANUAL,
  DIC_ACTION_LIST_RECORD_SERIE,
  DIC_ACTION_LIST_RECORD_SERIE_EVENT,
  DIC_ACTION_LIST_RECORD_STOP,
  DIC_ACTION_LOCK,
  DIC_ACTION_MANUAL_RECORD,
  DIC_ACTION_MODIFY_BOOKING,
  DIC_ACTION_NO,
  DIC_ACTION_NOT_KEEP_BOOKING,
  DIC_ACTION_PURCHASE,
  DIC_ACTION_RECORD_EVENT,
  DIC_ACTION_SET_SERIES_RECORDING,
  DIC_ACTION_START_RECORD,
  DIC_ACTION_STATUS_RECORD,
  DIC_ACTION_STOP_RECORD,
  DIC_ACTION_TELETEXT,
  DIC_ACTION_TIMER_REMOVE,
  DIC_ACTION_UNLOCK,
  DIC_ACTION_YES,
  DIC_ACTIVATE,
  DIC_ACTIVE,
  DIC_ADV_ADULT,
  DIC_ADV_SEARCH_ANY_DAY,
  DIC_ADV_SEARCH_ANY_KEYWORD,
  DIC_ADV_SEARCH_CRITERIA,
  DIC_ADV_SEARCH_CRITERIA_ALL,
  DIC_ADV_SEARCH_CRITERIA_CHANNEL,
  DIC_ADV_SEARCH_CRITERIA_DAY,
  DIC_ADV_SEARCH_CRITERIA_DAY_FRI,
  DIC_ADV_SEARCH_CRITERIA_DAY_MON,
  DIC_ADV_SEARCH_CRITERIA_DAY_PART,
  DIC_ADV_SEARCH_CRITERIA_DAY_PART_AFTNOON,
  DIC_ADV_SEARCH_CRITERIA_DAY_PART_ALL_DAY,
  DIC_ADV_SEARCH_CRITERIA_DAY_PART_CURR_TIME,
  DIC_ADV_SEARCH_CRITERIA_DAY_PART_EVE,
  DIC_ADV_SEARCH_CRITERIA_DAY_PART_MOR,
  DIC_ADV_SEARCH_CRITERIA_DAY_PART_NIGHT,
  DIC_ADV_SEARCH_CRITERIA_DAY_PART_NOON,
  DIC_ADV_SEARCH_CRITERIA_DAY_SAT,
  DIC_ADV_SEARCH_CRITERIA_DAY_SUN,
  DIC_ADV_SEARCH_CRITERIA_DAY_THU,
  DIC_ADV_SEARCH_CRITERIA_DAY_TUE,
  DIC_ADV_SEARCH_CRITERIA_DAY_WED,
  DIC_ADV_SEARCH_CRITERIA_GENRE,
  DIC_ADV_SEARCH_CRITERIA_VIDEO,
  DIC_ADV_SEARCH_CRITERIA_VIDEO_3D,
  DIC_ADV_SEARCH_CRITERIA_VIDEO_ALL,
  DIC_ADV_SEARCH_CRITERIA_VIDEO_CRITERIA,
  DIC_ADV_SEARCH_CRITERIA_VIDEO_HD,
  DIC_ADV_SEARCH_CRITERIA_VIDEO_SD,
  DIC_ADV_SEARCH_ENTER_KEYWORD,
  DIC_ADV_TODAY,
  DIC_ADV_TOMORROW,
  DIC_ALARM_CONFLICT_ACTION,
  DIC_ALARM_POPUP_NOTIF_RECORD_NOTIF,
  DIC_ALARM_POPUP_NOTIF_REMINDER_NOTIF,
  DIC_ALARM_POPUP_RECORD_ACCEPT,
  DIC_ALARM_POPUP_RECORD_CANCEL,
  DIC_ALARM_POPUP_REMINDER_ACCEPT,
  DIC_ALARM_POPUP_REMINDER_CANCEL,
  DIC_ALBUM_NAME,
  DIC_ALL,
  DIC_ALPHA_ACTION_MSG,
  DIC_ALPHA_KEYPAD_CHARACTERS,
  DIC_ALWAYS_ON_AUTO_STANDBY,
  DIC_ANA_AUDIO_SCART,
  DIC_APPLICATIONS,
  DIC_APPLY_NETWORK_SETTINGS_CONFIRM_MSG,
  DIC_APPLY_SETTINGS_CONFIRMATION,
  DIC_APPLY_SUCCESS_MSG,
  DIC_APPS,
  DIC_APPS_SCREEN_TITLE,
  DIC_APP_ACTION_INFO,
  DIC_APP_ACTION_RUN,
  DIC_APP_ACTION_TRY,
  DIC_APP_DEFAULT_NAME,
  DIC_AP_AUTH_TYPE,
  DIC_ARTIST_NAME,
  DIC_ASSET_TYPE_ARCHIVES,
  DIC_ASSET_TYPE_MOVIE,
  DIC_ASSET_TYPE_MUSIC,
  DIC_ASSET_TYPE_PHOTO,
  DIC_ASSET_TYPE_UNKNOWN,
  DIC_ASSOCIATED,
  DIC_ASSOCIATION,
  DIC_AUDIO_FORMAT_AAC,
  DIC_AUDIO_FORMAT_AC3PLUS,
  DIC_AUDIO_FORMAT_DOLBI,
  DIC_AUDIO_FORMAT_MPEG1,
  DIC_AUDIO_FORMAT_MPEG2,
  DIC_AUDIO_LIPSYNC,
  DIC_AUDIO_SETTINGS,
  DIC_AUDIO_SETTINGS_HELP,
  DIC_AUDIO_STREAM_DESC,
  DIC_AUSTRIA,
  DIC_AUTHENTICATED,
  DIC_AUTOMATIC_AC3,
  DIC_AUTOMATIC_AUDIO_SELECTION ,
  DIC_AUTOMATIC_AUDIO_TITLE,
  DIC_AUTO_AP_CHANNEL,
  DIC_AUTO_STANDBY,
  DIC_AVAILABLE_FOR,
  DIC_BACK,
  DIC_BACK_SRV_MENU,
  DIC_BANDWIDTH,
  DIC_BANDWIDTH_VALUES,
  DIC_BILL_ON_TV,
  DIC_BOOKING_CLEANUP_DESC,
  DIC_BOOKING_CLEANUP_TITLE,
  DIC_BOOKING_CONFLICT_MESSAGE,
  DIC_BOOKING_CONFLICT_MESSAGE1,
  DIC_BOOKING_CONFLICT_MESSAGE2,
  DIC_BOOKING_CONFLICT_TITLE,
  DIC_BOOKING_DISK_MESSAGE,
  DIC_BOOKING_IMMINENT_CONFLICT_MESSAGE,
  DIC_BOOKING_IMMINENT_CONFLICT_MESSAGE1,
  DIC_BOOKING_IMMINENT_CONFLICT_MESSAGE2,
  DIC_BOOKING_PERIODICITY,
  DIC_BOOKING_SERVICE_NOT_RECORDABLE,
  DIC_BOOKMARK_MODE,
  DIC_BOOT_LOADER_TEXT,
  DIC_BOUGHT,
  DIC_BOX_ABOUT_TO_REBOOT,
  DIC_BOX_INFORMATION,
  DIC_BPI_INIT,
  DIC_BUY,
  DIC_BY_DATE,
  DIC_CABLE_FREQUENCY_ERROR_MESSAGE,
  DIC_CABLE_MODEM,
  DIC_CABLE_UNPLUGGED_DURING_TEST_MSG,
  DIC_CALL_US,
  DIC_CALL_US_DETAILS,
  DIC_CANCEL,
  DIC_CANCEL_ALL_RECORDING,
  DIC_CANCEL_RECORD_EPISODE,
  DIC_CANCEL_RECORD_SERIES,
  DIC_CANCEL_REMINDER_EPISODE,
  DIC_CANCEL_REMINDER_SERIES,
  DIC_CANCEL_SERIES_RECORDING,
  DIC_CATALOGUE_CONTROL,
  DIC_CATALOGUE_PERIOD,
  DIC_CATALOGUE_PERIOD_VALUES,
  DIC_CA_CABLE_MISMATCH,
  DIC_CA_ERROR,
  DIC_CA_INITIALIZATION,
  DIC_CA_MODULE_BLACK_LISTED,
  DIC_CA_MODULE_COM_ERROR,
  DIC_CA_MODULE_EXPIRED,
  DIC_CA_MODULE_INVALID,
  DIC_CA_MODULE_MUTE,
  DIC_CA_MODULE_NEVER_PAIRED,
  DIC_CA_MODULE_NOT_CERTIFIED,
  DIC_CA_MODULE_NOT_INSERTED,
  DIC_CA_MODULE_NOT_PAIRED,
  DIC_CA_MODULE_NO_PVR_SUBSCRIPTION,
  DIC_CA_MODULE_OK,
  DIC_CA_MODULE_SUSPENDED,
  DIC_CA_OLD_CARD_VIEWING,
  DIC_CA_PROJECT_NAME,
  DIC_CA_SAT_MISMATCH,
  DIC_CA_SECURITY_EVENT1,
  DIC_CA_SECURITY_EVENT2,
  DIC_CA_SECURITY_EVENT3,
  DIC_CA_STATUS,
  DIC_CA_VERSION,
  DIC_CHANNEL,
  DIC_CHANNELLOCK_ACTION_MSG,
  DIC_CHANNELLOCK_CONFIRM_MSG,
  DIC_CHANNELUNLOCK_ACTION_MSG,
  DIC_CHANNELUNLOCK_PIN_MSG,
  DIC_CHANNEL_BAR_SUBSCRIBE,
  DIC_CHANNEL_BAR_SUBSCRIBE_MSG,
  DIC_CHANNEL_BAR_TIMEOUT,
  DIC_CHANNEL_CHANGE_CONFLICT_TITLE,
  DIC_CHANNEL_LIST,
  DIC_CHANNEL_LIST_SELECTION_INFO,
  DIC_CHANNEL_LIST_SELECTION_TITLE,
  DIC_CHANNEL_LOCKED,
  DIC_CHANNEL_LOCKED_MSG,
  DIC_CHANNEL_LOCK_SCREEN_MSG,
  DIC_CHANNEL_UNAVAILABLE_IN_REGION,
  DIC_CHANNEL_UNKNOWN,
  DIC_CHAT_WITH_US,
  DIC_CHAT_WITH_US_DETAILS,
  DIC_CHOICE_ALWAYS,
  DIC_CHOICE_MANUAL,
  DIC_CHOICE_NEVER,
  DIC_CHOICE_OK,
  DIC_CHOICE_RESTART,
  DIC_CHOICE_START_ZAPPER,
  DIC_CHOICE_STAY_ZAPPER,
  DIC_CHOOSE_NETWORK,
  DIC_CH_ACTION_ADD_FAVORITE,
  DIC_CH_ACTION_ALPHABETIC_SORT,
  DIC_CH_ACTION_NUMERIC_SORT,
  DIC_CH_ACTION_REMOVE_FAVORITE,
  DIC_CH_ADD_FAVORITE,
  DIC_CH_CONFIRM_FAV_ADD,
  DIC_CH_CONFIRM_FAV_ERR1,
  DIC_CH_CONFIRM_FAV_ERR2,
  DIC_CH_CONFIRM_FAV_ERR3,
  DIC_CH_CONFIRM_FAV_REM,
  DIC_CH_CONFIRM_MANUAL_TIMER_ADD,
  DIC_CH_CONFIRM_TIMER_ADD,
  DIC_CH_CONFIRM_TIMER_REMOVE,
  DIC_CH_FAV_ADD,
  DIC_CH_FAV_ADDREMOVE,
  DIC_CH_FAV_ALREADY_EXISTS,
  DIC_CH_FAV_REMOVE,
  DIC_CH_MOVE_FAVORITE,
  DIC_CH_PLACE_FAVORITE,
  DIC_CH_REMOVE_FAVORITE,
  DIC_CH_TIMER_ERROR_DATE_INVALID,
  DIC_CH_TIMER_ERROR_DATE_PAST,
  DIC_CH_TIMER_REPEAT_DAILY,
  DIC_CH_TIMER_REPEAT_MONDAY_FRIDAY,
  DIC_CH_TIMER_REPEAT_MONTHLY,
  DIC_CH_TIMER_REPEAT_ONCE,
  DIC_CH_TIMER_REPEAT_WEEKLY,
  DIC_CLIENT_MODE,
  DIC_CLIENT_MODE_CONFLICT,
  DIC_CLIENT_STATE,
  DIC_COLD_STANDBY,
  DIC_CONFIG_FILE_DOWNLOAD_COMPLETE,
  DIC_CONFIRM,
  DIC_CONFIRMATION_MODE_PURCHASE_CONFIRMATION,
  DIC_CONFIRM_CANCEL_RECORD,
  DIC_CONFIRM_MOSAIC_USE,
  DIC_CONFIRM_PURCHASE,
  DIC_CONFIRM_REVERT_ACCESSIBILTY_SETTINGS,
  DIC_CONFIRM_REVERT_SOUNDTRACK_SETTINGS,
  DIC_CONFIRM_REVERT_SUBTITLE_SETTINGS,
  DIC_CONFLICT_ACCEPT,
  DIC_CONFLICT_ACTION_AUTOMATICALLY,
  DIC_CONFLICT_ACTION_CANCEL,
  DIC_CONFLICT_ACTION_DEFER,
  DIC_CONFLICT_ACTION_MANUALLY,
  DIC_CONFLICT_CANCEL_MESSAGE,
  DIC_CONFLICT_DELETE_LAST,
  DIC_CONFLICT_DELETE_LAST_ALT,
  DIC_CONFLICT_DELETE_OTHER,
  DIC_CONFLICT_MANAGEMENT_TITLE,
  DIC_CONFLICT_TITLE_MANUALLY,
  DIC_CONFLICT_TITLE_RECORD,
  DIC_CONFLICT_WARNING_MSG1,
  DIC_CONFLICT_WARNING_MSG2,
  DIC_CONNECTED,
  DIC_CONNECTED_SSID_INFO,
  DIC_CONNECTION_STATUS,
  DIC_CONNECTION_TEST,
  DIC_CONNECT_BOX_MSG,
  DIC_CONNECT_INSTR,
  DIC_CONTACT,
  DIC_CONTACT_US,
  DIC_CONTENT_LOADING_MSG,
  DIC_CONTENT_RECORDED_ON,
  DIC_CONTENT_UNAVAILABLE,
  DIC_CONTINUE,
  DIC_CONVERT_AUTO_TO_REGULAR_RECORDING,
  DIC_CONV_14_9_ZOOM,
  DIC_CONV_16_9_ZOOM,
  DIC_CONV_FULL_ZOOM,
  DIC_CONV_PILLARBOX,
  DIC_COUNTRY_SPEC_STORE,
  DIC_CPE_ID,
  DIC_CPE_IN_PAIRING_MODE,
  DIC_CUSTOMER_CARE_FAQ,
  DIC_DAILY,
  DIC_DATA_CACHING_STATUS,
  DIC_DATA_CACHING_TITLE,
  DIC_DATE,
  DIC_DAY_FRI,
  DIC_DAY_MON,
  DIC_DAY_SAT,
  DIC_DAY_SUN,
  DIC_DAY_THU,
  DIC_DAY_TODAY,
  DIC_DAY_TUE,
  DIC_DAY_WED,
  DIC_DCA_INVALID_CHANNEL_NO,
  DIC_DECODER_UPDATE_CONFLICT,
  DIC_DECODER_UPDATE_CONFLICT_INFO_MSG,
  DIC_DECODER_UPDATE_CONFLICT_MSG,
  DIC_DECODER_UPDATE_NOT_AVAILABLE,
  DIC_DECODER_UPDATE_NOT_AVAILABLE_FIRST_INSTALL,
  DIC_DECODER_UPDATE_SEARCH,
  DIC_DECODER_UPDATE_UP_TO_DATE,
  DIC_DECODER_UPDATE_UP_TO_DATE_FIRST_INSTALL,
  DIC_DELETE_ALL_BOOKINGS_CONFIRMATION,
  DIC_DELETE_ALL_IN_PROGRESS,
  DIC_DELETE_ALL_REC_CONFIRMATION,
  DIC_DELETE_APP_CONFIRMATION,
  DIC_DELETE_PROG_CONIRMATION,
  DIC_DELETE_SCHED_RECORD_CONFIRMATION,
  DIC_DELETE_SERIES_CONFIRMATION,
  DIC_DETECTED_NETWORKS,
  DIC_DEVICE_CONNECTED_DESC,
  DIC_DEVICE_CONNECTED_TITLE,
  DIC_DEVICE_CONNECT_NOTIF,
  DIC_DEVICE_DETACHED,
  DIC_DEVICE_MANUFACTURER,
  DIC_DEVICE_MODEL,
  DIC_DEVICE_NAME,
  DIC_DEVICE_NO_LONGER_AVAILABLE,
  DIC_DEVICE_TYPE,
  DIC_DEVICE_UNPLUG,
  DIC_DHCPV4_COMPLETE,
  DIC_DHCPV4_IN_PROGRESS,
  DIC_DHCPV6_COMPLETE,
  DIC_DHCPV6_IN_PROGRESS,
  DIC_DHCP_ACTIVE_NO_IP_MSG,
  DIC_DHCP_SERVER_IP_POOL,
  DIC_DHCP_SERVER_ON_OFF,
  DIC_DISCARD_CHANGES,
  DIC_DISCARD_CHANGES_CONFIRMATION_MSG,
  DIC_DISCONNECTED,
  DIC_DISH_POINTING_DESC,
  DIC_DISK_CONFLICT_TITLE,
  DIC_DISK_FULL_MANUAL_MESSAGE,
  DIC_DISK_FULL_MESSAGE,
  DIC_DISK_FULL_WARN_MESSAGE,
  DIC_DISK_IS_FULL,
  DIC_DISLIKE,
  DIC_DISP_OPT_BANNER_DURATION,
  DIC_DISP_OPT_BANNER_DURATION_10,
  DIC_DISP_OPT_BANNER_DURATION_16,
  DIC_DISP_OPT_BANNER_DURATION_2,
  DIC_DISP_OPT_BANNER_DURATION_3,
  DIC_DISP_OPT_BANNER_DURATION_4,
  DIC_DISP_OPT_BANNER_DURATION_5,
  DIC_DISP_OPT_BANNER_DURATION_6,
  DIC_DISP_OPT_BANNER_DURATION_8,
  DIC_DISP_OPT_CONFIRM_MSG,
  DIC_DISP_OPT_DEACTIVATED,
  DIC_DISP_OPT_VOLUME_CONTROL,
  DIC_DISP_OPT_VOLUME_CONTROL_ACTIVATED,
  DIC_DNS_FAILURE_DHCP_ACTIVE_MSG,
  DIC_DNS_FAILURE_DHCP_INACTIVE_MSG,
  DIC_DOCSIS_CONNECTION_FAILED_MSG,
  DIC_DOCSIS_CONNECTION_OK_MSG,
  DIC_DOCSIS_STATUS,
  DIC_DOCSIS_UNAVAILABLE_MSG,
  DIC_DOCSIS_UNAVAILABLE_TITLE,
  DIC_DOLBY_OUTPUT,
  DIC_DOWNSTRM_TOPO_IN_PROG,
  DIC_DROP_RECORD,
  DIC_DROP_RECORD_AND_ZAP,
  DIC_DROP_ZAP_END,
  DIC_DROP_ZAP_START,
  DIC_DVBC_STATUS,
  DIC_DVBS2_8PSK,
  DIC_DVBS2_QPSK,
  DIC_DVBS_QPSK,
  DIC_DVI,
  DIC_EAE_IN_PROGRESS,
  DIC_EDID_BUTTON_TITLE,
  DIC_EDID_INFO,
  DIC_EDID_INFO_MESSAGE,
  DIC_EDID_MANUFACTURER_ID,
  DIC_EDID_MODEL_NAME,
  DIC_EDID_PREFERRED_HD_RES,
  DIC_EDID_SERIAL_NUMBER,
  DIC_EDID_WEEK_YEAR,
  DIC_EIT_NO_INFORMATION,
  DIC_ENCRYPTION_MODE,
  DIC_ENCRYPTION_PROTOCOL,
  DIC_ENCR_SHARED,
  DIC_ENCR_WPA2_PSK,
  DIC_ENCR_WPA_PSK,
  DIC_ENC_PROTOCOL_VALUES,
  DIC_END_ADDRESS,
  DIC_END_FREQUENCY,
  DIC_END_TIME,
  DIC_ENHANCEDSCAN_ERROR_MESSAGE,
  DIC_ENHANCEDSCAN_FIRSTINSTALL_ERR_MSG,
  DIC_ENTER_SSID,
  DIC_ENTITLEMENTS,
  DIC_ENTITLEMENT_EXPIRING,
  DIC_ENTITLEMENT_MSG_ALREADY_PURCHASED,
  DIC_ENTITLEMENT_MSG_UNLIMITED_VIEWING,
  DIC_ERASE_RECORDINGS,
  DIC_ERROR,
  DIC_ES_NOT_AVAILABLE,
  DIC_FACTORY_RESET_INFO,
  DIC_FACTORY_RESET_KEEP_RECORDS,
  DIC_FACTORY_RESET_TITLE,
  DIC_FAILED,
  DIC_FASTER_PLAYBACK_NOT_POSSIBLE,
  DIC_FAVORITE_LIST_EMPTY,
  DIC_FAV_ACTION_MSG,
  DIC_FAV_CONFIRMATION,
  DIC_FILTER,
  DIC_FILTER_ERROR_NO_RESULTS,
  DIC_FILTER_ERROR_TOO_MANY_RESULTS,
  DIC_FILTER_HELP_TEXT,
  DIC_FILTER_MENU_ALL,
  DIC_FILTER_MENU_ALL_DAYS,
  DIC_FILTER_MENU_ALL_TIMES,
  DIC_FILTER_MENU_A_E,
  DIC_FILTER_MENU_A_Z,
  DIC_FILTER_MENU_FAVORITES,
  DIC_FILTER_MENU_FOLLOWING,
  DIC_FILTER_MENU_FTA,
  DIC_FILTER_MENU_F_J,
  DIC_FILTER_MENU_GENRES,
  DIC_FILTER_MENU_K_O,
  DIC_FILTER_MENU_NOW,
  DIC_FILTER_MENU_PREMIERE,
  DIC_FILTER_MENU_PREMIERE_APS,
  DIC_FILTER_MENU_PROG_LINK,
  DIC_FILTER_MENU_P_T,
  DIC_FILTER_MENU_P_V,
  DIC_FILTER_MENU_RADIO,
  DIC_FILTER_MENU_SPECIFIC_CHANNEL,
  DIC_FILTER_MENU_TIMERLIST_LINK,
  DIC_FILTER_MENU_TIME_00,
  DIC_FILTER_MENU_TIME_06,
  DIC_FILTER_MENU_TIME_11,
  DIC_FILTER_MENU_TIME_14,
  DIC_FILTER_MENU_TIME_18,
  DIC_FILTER_MENU_TIME_20,
  DIC_FILTER_MENU_TITLE_CHANNEL,
  DIC_FILTER_MENU_TITLE_GENRE,
  DIC_FILTER_MENU_TITLE_RESULT,
  DIC_FILTER_MENU_TITLE_SINGLE_RESULT,
  DIC_FILTER_MENU_TITLE_TIME,
  DIC_FILTER_MENU_TITLE_TIMER_LIST,
  DIC_FILTER_MENU_TODAY,
  DIC_FILTER_MENU_TOMORROW,
  DIC_FILTER_MENU_TONIGHT,
  DIC_FILTER_MENU_TV_CHANNELS,
  DIC_FILTER_MENU_U_Z,
  DIC_FILTER_MENU_WHOLE_DAY,
  DIC_FILTER_MENU_W_Z,
  DIC_FINISH,
  DIC_FIRSTINSTALL_LANGUAGE_TITLE,
  DIC_FIRST_INSTALL,
  DIC_FIRST_INSTALLATION,
  DIC_FIRST_INSTALL_FIRST_STEP,
  DIC_FIRST_INSTALL_FOURTH_STEP,
  DIC_FIRST_INSTALL_LEGAL_DISCLAIMER_ACCEPT,
  DIC_FIRST_INSTALL_LEGAL_DISCLAIMER_MORE,
  DIC_FIRST_INSTALL_LEGAL_DISCLAIMER_MSG,
  DIC_FIRST_INSTALL_LEGAL_DISCLAIMER_REJECT,
  DIC_FIRST_INSTALL_SECOND_STEP,
  DIC_FIRST_INSTALL_THIRD_STEP,
  DIC_FORWARDING_DISABLED,
  DIC_FREE_CONTENT,
  DIC_FREQUENCY,
  DIC_FREQUENCY_RECORD,
  DIC_FROM,
  DIC_FRONT_PANEL_BRIGHT_VALUES,
  DIC_GERMANY,
  DIC_GRID_FILTER_MENU_LINK,
  DIC_GRID_FILTER_TIME_RANGES,
  DIC_GRID_LIST_VIEW_OPTION_BYCHANNEL,
  DIC_GRID_LIST_VIEW_OPTION_BYGENRE,
  DIC_GRID_NO_FUTURE_PROGRAM,
  DIC_GRID_WAITING_MSG,
  DIC_GUARD_TIME_0,
  DIC_GUARD_TIME_1,
  DIC_GUARD_TIME_15,
  DIC_GUARD_TIME_2,
  DIC_GUARD_TIME_30,
  DIC_GUARD_TIME_5,
  DIC_GUARD_TIME_AUTO,
  DIC_GUIDE_120_MIN,
  DIC_GUIDE_30_MIN,
  DIC_GUIDE_60_MIN,
  DIC_GUIDE_90_MIN,
  DIC_GUIDE_NO_INFO,
  DIC_HARDWARE_VERSION,
  DIC_HDCP_STATE,
  DIC_HDD_FAILURE_FORMAT,
  DIC_HDD_FAILURE_MESSAGE,
  DIC_HDD_FAILURE_RESTART,
  DIC_HDD_FAILURE_TITLE,
  DIC_HDD_FORMAT,
  DIC_HDD_VALIDATION_MESSAGE,
  DIC_HDMI,
  DIC_HDMI_4_3_CONVERSION,
  DIC_HDMI_AC3_AUDIO,
  DIC_HDMI_AC3_STATUS_MESSAGE1,
  DIC_HDMI_AC3_STATUS_MESSAGE2,
  DIC_HDMI_AUDIO_DELAY,
  DIC_HDMI_STATUS,
  DIC_HD_1080i,
  DIC_HD_576p,
  DIC_HD_720p,
  DIC_HD_OUTPUT_FORMAT,
  DIC_HD_PREF_RES_1280_720_I_50HZ,
  DIC_HD_PREF_RES_1280_720_P_50HZ,
  DIC_HD_PREF_RES_1920_1080_I_50HZ,
  DIC_HD_PREF_RES_1920_1080_P_50H,
  DIC_HD_PREF_RES_720_576_I_50HZ,
  DIC_HD_PREF_RES_720_576_P_50HZ,
  DIC_HD_RESOLUTION,
  DIC_HD_SETTINGS,
  DIC_HD_TVPREF,
  DIC_HD_VIDEO_FORMAT,
  DIC_HINWEIS_HDCP_MSG,
  DIC_HINWEIS_HDCP_TITLE,
  DIC_HINWEIS_SEPARATOR_STR,
  DIC_HN_CLIENT_MODE_CONFLICT,
  DIC_HN_CLIENT_MODE_DISCONNECTED,
  DIC_HN_CONTENT_TYPE_DESC,
  DIC_HN_DIAG_DHCP_STATUS_CONFLICT,
  DIC_HN_DIAG_DHCP_STATUS_DISABLED ,
  DIC_HN_DIAG_DHCP_STATUS_DISCONNECTED,
  DIC_HN_DIAG_DHCP_STATUS_FAILURE,
  DIC_HN_DIAG_DHCP_STATUS_LINK_ERROR,
  DIC_HN_DIAG_DHCP_STATUS_SEARCHING,
  DIC_HN_DIAG_DHCP_STATUS_SUCCESS,
  DIC_HN_DIAG_DHCP_STATUS_WIFI_ASSOCIATING,
  DIC_HN_DIAG_DHCP_STATUS_WIFI_PBC_PAIRING,
  DIC_HN_DIAG_DHCP_STATUS_WIFI_PIN_PAIRING,
  DIC_HN_SETTINGS_COMPLETE_MSG,
  DIC_HN_SYNC_VALUES,
  DIC_HN_WIZARD,
  DIC_HN_WIZARD_INSTR,
  DIC_HOME_NETWORK_MODE,
  DIC_HORIZONTAL_POLARIZATION,
  DIC_HOT_STANDBY,
  DIC_IMMEDIATE,
  DIC_INACTIVE,
  DIC_INACTIVITY_PERIOD,
  DIC_INFOBOX_ITEM_WIDGETS,
  DIC_INFORMATION_NOT_AVAILABLE,
  DIC_INFO_DAY,
  DIC_INFO_DAYS,
  DIC_INFO_HOUR,
  DIC_INFO_HOURS,
  DIC_INFO_MIN,
  DIC_INFO_MINS,
  DIC_INFO_MONTH,
  DIC_INFO_MONTHS,
  DIC_INFO_PPV_EVENTS,
  DIC_INFO_TITLE,
  DIC_INFO_UNLIMITED,
  DIC_INFO_WEEK,
  DIC_INFO_WEEKS,
  DIC_INSTALL,
  DIC_INSUFFICIENT_DISK_SPACE,
  DIC_INVITE_DEFAULT,
  DIC_IP_ADDRESS,
  DIC_IP_ADDRESS_DESC,
  DIC_IP_ADDR_NETWORK_PROCESSOR,
  DIC_IP_ADDR_VIDEO_PROCESOR,
  DIC_IP_CONFIG,
  DIC_IP_CONNECTION_FAILED_MESSAGE,
  DIC_IP_CONNECTION_OK_MESSAGE,
  DIC_IP_CONNECTION_TEST,
  DIC_IP_CONNECTION_VIDEO_PROC_TEST,
  DIC_IP_CONN_TEST_FAILED_MSG,
  DIC_IP_CONN_TEST_PROGRESS_MSG,
  DIC_IP_CONN_TEST_SUCESS_MSG,
  DIC_IP_DHCP_DESC,
  DIC_IP_DISABLED,
  DIC_IP_ENABLED,
  DIC_IP_PRIMARY_DNS_DESC,
  DIC_IP_PROXY,
  DIC_IP_PROXY_ACTIVATED,
  DIC_IP_PROXY_DEACTIVATED,
  DIC_IP_PROXY_IP_ADDRESS_DESC,
  DIC_IP_PROXY_PORT_DESC,
  DIC_IP_PROXY_SERVER_DESC,
  DIC_IP_SCREEN_CONFIRM_MSG,
  DIC_IP_SECONDARY_DNS_DESC,
  DIC_IP_STD_GATEWAY_DESC,
  DIC_IP_SUBNET_MASK_DESC,
  DIC_JOIN_US,
  DIC_JOIN_US_DETAILS,
  DIC_KEEP_RECORDED_CONTENT,
  DIC_KEEP_SETTINGS_CONFIRMATION_MSG,
  DIC_KEYWORD,
  DIC_KEYWORDS,
  DIC_LAN_STATUS,
  DIC_LAST_SOFTWARE_UPDATE,
  DIC_LAST_VIEWED_CHAN_POLICY,
  DIC_LATER,
  DIC_LAUNCH,
  DIC_LIBRARY,
  DIC_LIBRARY_INFO_ALL_VIDEOS,
  DIC_LIBRARY_INFO_APPS_INSTALLED,
  DIC_LIBRARY_INFO_DEVICES_CONNECTED,
  DIC_LIBRARY_INFO_MUSIC_STORED,
  DIC_LIBRARY_INFO_PHOTOS_STORED,
  DIC_LIBRARY_INFO_PROG_RECORDED,
  DIC_LIBRARY_INFO_SCHED_RECORDINGS,
  DIC_LIBRARY_INFO_VIDEOS_RECORD_BOUGHT,
  DIC_LIBRARY_MODIFY_PARAMS,
  DIC_LIBRARY_NOTIF_NO_SCHED_RECORDINGS,
  DIC_LIBRARY_RESULTS,
  DIC_LIBRAY_NOTIF_NO_CONTENT,
  DIC_LIBRAY_NOTIF_NO_DEVICES,
  DIC_LIBRAY_NOTIF_NO_INSTAL_APPS,
  DIC_LIBRAY_NOTIF_NO_MUSIC,
  DIC_LIBRAY_NOTIF_NO_PHOTOS,
  DIC_LIBRAY_NOTIF_NO_RECO_PROGS,
  DIC_LIBRAY_NOTIF_NO_RECO_VIDEOS,
  DIC_LIBRAY_NOTIF__NO_SCHED_RECORDINGS,
  DIC_LIKE,
  DIC_LIMITED,
  DIC_LIPSYNC_SECONDS,
  DIC_LIPSYNC_SECONDS_STRING,
  DIC_LIST_NO_ITEMS,
  DIC_LIST_OF_CHARS,
  DIC_LIST_OF_DEVICES,
  DIC_LIVE_TIME_NOTIFICATION,
  DIC_LOCKED_CHANNEL,
  DIC_LOCKED_PROGRAM,
  DIC_LOCK_UNLOCK,
  DIC_LUKEWARM,
  DIC_LUMINOSITY_HIGH,
  DIC_LUMINOSITY_LOW,
  DIC_LUMINOSITY_MEDIUM,
  DIC_LUMINOSITY_OFF,
  DIC_MAC_ADDRESS,
  DIC_MAC_ADDRESS_VIDEO_PROCESSOR,
  DIC_MAIL_US,
  DIC_MAIL_US_DETAILS,
  DIC_MAIN_MENU,
  DIC_MAIN_MENU_ADVANCED,
  DIC_MAIN_MENU_APP,
  DIC_MAIN_MENU_FAV_MENU,
  DIC_MAIN_MENU_GUIDE,
  DIC_MAIN_MENU_HISTORY,
  DIC_MAIN_MENU_KEYWORD,
  DIC_MAIN_MENU_MOST_POPULAR,
  DIC_MAIN_MENU_MY_LIB,
  DIC_MAIN_MENU_ON_NOW,
  DIC_MAIN_MENU_PROFILES,
  DIC_MAIN_MENU_PROG_GRID,
  DIC_MAIN_MENU_PROG_GRID_ALL_CHANNELS,
  DIC_MAIN_MENU_PVR,
  DIC_MAIN_MENU_PVR_BOOKINGS,
  DIC_MAIN_MENU_PVR_RECORDINGS,
  DIC_MAIN_MENU_SEARCH,
  DIC_MAIN_MENU_SERVICE_MENU,
  DIC_MAIN_MENU_SETTINGS,
  DIC_MAIN_MENU_STORE,
  DIC_MAIN_MENU_TIMER_LIST,
  DIC_MAIN_MENU_TOOLBOX,
  DIC_MAIN_MENU_TV,
  DIC_MAIN_MENU_UPC_CUSTOMER_CARE,
  DIC_MAIN_MENU_UPC_FOR_YOU,
  DIC_MANAGE,
  DIC_MANUALSCANNING_SCOPE,
  DIC_MANUAL_NETWORKS,
  DIC_MANUAL_RECORDING_INFO,
  DIC_MANUAL_SAT_SCAN_TITLE,
  DIC_MANUFACTURER,
  DIC_MANU_AND_PROD_ID,
  DIC_MASTER_PERS_FLAG,
  DIC_MAX_PROFILES_REACHED,
  DIC_MCW_AUTH_WARNING_MSG,
  DIC_MCW_AUTH_WARNING_TITLE,
  DIC_MCW_DONT_REBUILD,
  DIC_MCW_ENABLE_MSG,
  DIC_MCW_ENABLE_TITLE,
  DIC_MCW_ERROR_MSG,
  DIC_MCW_ERROR_TITLE,
  DIC_MCW_LIST_MSG,
  DIC_MCW_LIST_TITLE,
  DIC_MCW_REBUILD_MSG,
  DIC_MCW_REBUILD_TITLE,
  DIC_MCW_TERMINATE,
  DIC_MCW_TERMS_MSG,
  DIC_MCW_TERMS_TITLE,
  DIC_MCW_WARNING_MSG,
  DIC_MCW_WARNING_TITLE,
  DIC_MC_WIZARD,
  DIC_MEDIA_CENTER,
  DIC_MEDIA_CENTER_CAT_CONTROL,
  DIC_MEDIA_CENTRE_DISABLE_MSG,
  DIC_MEMO_CONFIRMATION,
  DIC_MIN,
  DIC_MODEL_NAME,
  DIC_MODIFY,
  DIC_MODULATION,
  DIC_MODULATION_VALUES,
  DIC_MONTHS,
  DIC_MONTH_APR,
  DIC_MONTH_AUG,
  DIC_MONTH_DEC,
  DIC_MONTH_FEB,
  DIC_MONTH_JAN,
  DIC_MONTH_JUL,
  DIC_MONTH_JUN,
  DIC_MONTH_MAR,
  DIC_MONTH_MAY,
  DIC_MONTH_NOV,
  DIC_MONTH_OCT,
  DIC_MONTH_SEP,
  DIC_MORE_INFO,
  DIC_MORE_QA,
  DIC_MORE_QA_DETAILS,
  DIC_MOSAIC,
  DIC_MPIN_VALUE,
  DIC_MY_APPS,
  DIC_MY_DEVICES,
  DIC_MY_DVR,
  DIC_MY_MUSIC,
  DIC_MY_PHOTOS,
  DIC_MY_PPV_EVENTS,
  DIC_MY_VIDEOS,
  DIC_NETWORK_NOT_DETECTED,
  DIC_NETWORK_SETUP_WIZARD,
  DIC_NETWORK_STATUS,
  DIC_NET_DISCARD_MSG,
  DIC_NET_NEEDS_PWD_MSG,
  DIC_NET_REBOOT_ABORTED,
  DIC_NEW_MESSAGE,
  DIC_NEW_RECORDING,
  DIC_NEW_SRV_FOUND,
  DIC_NEXT,
  DIC_NOREC_DEVICE_MISSING_FAILURE,
  DIC_NOREC_ES_NOT_AVAILABLE,
  DIC_NOREC_INSUFFICIENT_DISK_SPACE,
  DIC_NOREC_NOT_RECORDED,
  DIC_NOREC_NO_CA_AUTHORISATION,
  DIC_NOREC_NO_DRM_PERMISSION,
  DIC_NOREC_NO_TUNER_AVAILABLE,
  DIC_NOREC_NO_TUNER_AVAILABLE_BOOKING_MOVED,
  DIC_NOREC_PAT_PMT_TIMEOUT,
  DIC_NOREC_POWER_FAILURE,
  DIC_NOREC_SERVICE_NOT_SUBSCRIBED,
  DIC_NOREC_SIGNAL_LOSS,
  DIC_NOREC_UNKNOWN_RECORDING_ERROR,
  DIC_NOREC_VIEWER_STOPPED,
  DIC_NOREC_VIEWER_STOPPED_TUNER_CONFLICT,
  DIC_NOTFAV_ACTION_MSG,
  DIC_NOTIFICATION,
  DIC_NOT_ASSOCIATED,
  DIC_NOT_AVAILABLE,
  DIC_NOT_CONNECTED,
  DIC_NOT_HDCP_COMPLIANT,
  DIC_NOT_READY,
  DIC_NOT_SYNCH,
  DIC_NOW,
  DIC_NOW_PLAYING,
  DIC_NO_CA_AUTHORISATION,
  DIC_NO_CONTENT_AVAILABLE,
  DIC_NO_DEVICE_DESC,
  DIC_NO_DEVICE_TITLE,
  DIC_NO_DLNA_DETECTED_MSG,
  DIC_NO_ENC_PROTOCOL,
  DIC_NO_ENTITLEMENT_MESSAGE,
  DIC_NO_ENTITLEMENT_TITLE,
  DIC_NO_INFO_AVAILABLE,
  DIC_NO_PVR_SUBSCRIPTION_HINWEIS_362_MESSAGE,
  DIC_NO_PVR_SUBSCRIPTION_HINWEIS_362_TITLE,
  DIC_NO_SIGNAL,
  DIC_NO_STANDBY,
  DIC_NO_TELETEXT_PAGES,
  DIC_NO_TUNER_AVAILABLE,
  DIC_NO_TUNER_AVAILABLE_BOOKING_MOVED,
  DIC_NO_USER_ACTION_POSSIBLE,
  DIC_NO_VIDEO_BAD_SIGNAL,
  DIC_NUID,
  DIC_NUMERIC_ACTION_MSG,
  DIC_NUMERIC_KEYPAD_CHARACTERS,
  DIC_NW_CONTINUE,
  DIC_NW_ENTER_SSID,
  DIC_NW_ETH_IF,
  DIC_NW_EXIT,
  DIC_NW_FAILURE_MSG,
  DIC_NW_FAILURE_TITLE,
  DIC_NW_GOTO_MEDIA_CENTER_MSG,
  DIC_NW_GOTO_MEDIA_CENTER_TITLE,
  DIC_NW_IFACE_MSG,
  DIC_NW_MCW_LINK,
  DIC_NW_RESTART,
  DIC_NW_RESTART_TITLE,
  DIC_NW_SELECT_SSID,
  DIC_NW_SETTINGS_REBOOT_MSG,
  DIC_NW_SETTINGS_WAIT_MSG,
  DIC_NW_SSID_MSG,
  DIC_NW_SSID_TITLE,
  DIC_NW_WAITING_TITLE,
  DIC_NW_WIFIMODE_MSG,
  DIC_NW_WIFIMODE_TITLE,
  DIC_NW_WIFI_IF,
  DIC_NW_WIZARD_MSG,
  DIC_NW_WIZARD_TITLE,
  DIC_OFFER,
  DIC_OK,
  DIC_ONE_TIME,
  DIC_ONE_VIEWING_AVAILABLE,
  DIC_OPAQUE,
  DIC_OPERATIONAL,
  DIC_OPTION_NOT_VALID,
  DIC_OPTION_QUIT,
  DIC_OPT_OUT_OF_RECORDINGS,
  DIC_OPT_OUT_RECO_ENGINE,
  DIC_ORIGINAL,
  DIC_OTHER,
  DIC_PAGE_NUMBER,
  DIC_PAIRING_FAILED,
  DIC_PAIRING_GENERIC_EXP,
  DIC_PAIRING_IN_PROGRESS,
  DIC_PAIRING_PAIRED,
  DIC_PARTIAL_RECORD,
  DIC_PAT_PMT_TIMEOUT,
  DIC_PAY_CONTENT,
  DIC_PAY_PER_VIEW_CHANNEL,
  DIC_PERCENTAGE_DISK_SPACE_BOOKING,
  DIC_PERSONALISATION_SETTINGS,
  DIC_PHY_SYNCH,
  DIC_PIN_CODE_BLOCKED_MSG_L1,
  DIC_PIN_CODE_BLOCKED_MSG_L2,
  DIC_PIN_CODE_BTN_BCK ,
  DIC_PIN_CODE_CANCEL_CONFIRM_MSG,
  DIC_PIN_CODE_CHECK_1ST_BAD_MSG,
  DIC_PIN_CODE_CHECK_2ND_BAD_MSG,
  DIC_PIN_CODE_CHECK_BLOCKED_MSG_L1,
  DIC_PIN_CODE_CHECK_BLOCKED_MSG_L2,
  DIC_PIN_CODE_CHECK_ENTRY_MSG,
  DIC_PIN_CODE_CONFIRM_HELP,
  DIC_PIN_CODE_DESC_1ST_BAD_CURRENT_MSG,
  DIC_PIN_CODE_DESC_2ND_BAD_CURRENT_MSG,
  DIC_PIN_CODE_DESC_BAD_NEW_FORMAT_MSG,
  DIC_PIN_CODE_DESC_BAD_NEW_MSG,
  DIC_PIN_CODE_DESC_BAD_NEW_TITLE,
  DIC_PIN_CODE_DESC_BLOCKED_MSG_L1,
  DIC_PIN_CODE_DESC_BLOCKED_MSG_L2,
  DIC_PIN_CODE_DESC_CHANGED_L1,
  DIC_PIN_CODE_DESC_CHANGED_L2,
  DIC_PIN_CODE_DESC_CHANGED_OK_MSG,
  DIC_PIN_CODE_DESC_CONFIRM_NEW_MSG,
  DIC_PIN_CODE_DESC_CONFIRM_NEW_TITLE,
  DIC_PIN_CODE_DESC_ENTRY,
  DIC_PIN_CODE_DESC_ENTRY_MSG,
  DIC_PIN_CODE_DESC_NEW_MSG,
  DIC_PIN_CODE_DESC_NEW_TITLE,
  DIC_PIN_CODE_ENTRY,
  DIC_PIN_CODE_ENTRY_HELP,
  DIC_PIN_CODE_MIN,
  DIC_PIN_CODE_TITLE,
  DIC_PIN_CODE_WRONG_MSG,
  DIC_PIP_ERROR_HDCP_ERRO,
  DIC_PIP_ERROR_LOW_SIGNAL_QUALITY,
  DIC_PIP_NO_PMT,
  DIC_PLANNER,
  DIC_PLAYBACK_ERROR_MSG,
  DIC_PLAYBACK_ERROR_OK,
  DIC_PLAY_PAUSE,
  DIC_PLEASE_WAIT,
  DIC_POLARIZATION,
  DIC_POSTPONE,
  DIC_POST_SCANNING_MSG,
  DIC_POWER_FAILURE,
  DIC_POW_SAV_HELP1,
  DIC_POW_SAV_HELP2,
  DIC_POW_SAV_MODE,
  DIC_PREDICTED_DISK_SPACE_BOOKING,
  DIC_PREF_HD_RESOL,
  DIC_PRESS_OK_FOR_EXIT,
  DIC_PRICE_FORMAT,
  DIC_PRM_VERSION,
  DIC_PROCESS_FAILED,
  DIC_PROFILE_ACTIVATE,
  DIC_PROFILE_ACTIVATED,
  DIC_PROFILE_BACK_TO_LIVE,
  DIC_PROFILE_CHANGE_NAME,
  DIC_PROFILE_CHANGE_PIN,
  DIC_PROFILE_CONFIRM_PIN,
  DIC_PROFILE_CREATED_CONFIRMATION,
  DIC_PROFILE_CREATE_MSG,
  DIC_PROFILE_CREATE_PIN,
  DIC_PROFILE_CREATE_PIN_MSG,
  DIC_PROFILE_DELETE,
  DIC_PROFILE_DELETE_MSG,
  DIC_PROFILE_DELETE_PIN,
  DIC_PROFILE_DUP_ERR_MSG,
  DIC_PROFILE_ENTER_PIN,
  DIC_PROFILE_ENTER_PROFILE_NAME,
  DIC_PROFILE_NEW_PROFILE,
  DIC_PROFILE_NO_LONGER_EXISTS,
  DIC_PROFILE_REENTER_PIN,
  DIC_PROFILE_REMOVE_PIN_CONFIRM,
  DIC_PROGRAMME_LOCKED_MSG,
  DIC_PROGRAMME_NOT_KNOWN,
  DIC_PROGRAM_ENDED,
  DIC_PROGRAM_ENDS,
  DIC_PROGRESS,
  DIC_PROG_ACTION_ADDTOFAVORITES,
  DIC_PROG_ACTION_AUDIO_LIST,
  DIC_PROG_ACTION_BACK_TO_LIVE,
  DIC_PROG_ACTION_BUY,
  DIC_PROG_ACTION_CANCEL_RECORD,
  DIC_PROG_ACTION_CANCEL_REMINDER,
  DIC_PROG_ACTION_DELETE,
  DIC_PROG_ACTION_DELETE_ALL,
  DIC_PROG_ACTION_DELETE_RECORDING,
  DIC_PROG_ACTION_FORMAT,
  DIC_PROG_ACTION_MODIFY,
  DIC_PROG_ACTION_PAUSE,
  DIC_PROG_ACTION_PAUSE_SLIDESHOW,
  DIC_PROG_ACTION_PLAY,
  DIC_PROG_ACTION_PLAYFROMBEGINNING,
  DIC_PROG_ACTION_PLAYFROMLASTVIEWEDPOS,
  DIC_PROG_ACTION_PROTECT,
  DIC_PROG_ACTION_RATE,
  DIC_PROG_ACTION_RECORD,
  DIC_PROG_ACTION_RELATED,
  DIC_PROG_ACTION_REMINDER,
  DIC_PROG_ACTION_RERUNS,
  DIC_PROG_ACTION_RESUME_SLIDESHOW,
  DIC_PROG_ACTION_ROTATE_LEFT,
  DIC_PROG_ACTION_ROTATE_RIGHT,
  DIC_PROG_ACTION_SEARCH,
  DIC_PROG_ACTION_SLIDESHOW,
  DIC_PROG_ACTION_STARTOVER,
  DIC_PROG_ACTION_START_SLIDESHOW,
  DIC_PROG_ACTION_STOP,
  DIC_PROG_ACTION_STOP_RECORD,
  DIC_PROG_ACTION_STOP_SLIDESHOW,
  DIC_PROG_ACTION_SUBSCRIBE,
  DIC_PROG_ACTION_SUBTITLE,
  DIC_PROG_ACTION_SUMMARY,
  DIC_PROG_ACTION_UNPROTECT,
  DIC_PROG_ACTION_VIDEO,
  DIC_PROG_ACTION_VIEW,
  DIC_PROG_ACTION_ZOOM,
  DIC_PROG_SUMMARY_UNAVAILABLE,
  DIC_PROXY_CONN_FAILURE_MSG,
  DIC_PROXY_SCREEN_CONFIRM_MSG,
  DIC_PRO_ACTION_CONFIRM,
  DIC_PURCHASE_CONFIRMATION_DESC,
  DIC_PURCHASE_CONFIRMATION_HDR,
  DIC_PURCHASE_CONFIRM_MSG,
  DIC_PURCHASE_PPV_INDICATION,
  DIC_PURCHASE_PROTECTION,
  DIC_PURCHASE_SUCCESS_MSG,
  DIC_PVR_BOOK_SERIE,
  DIC_PVR_BOOK_SERIE_CHAPTER,
  DIC_PVR_CANCEL_ALL_SERIE,
  DIC_PVR_CANCEL_BOOKING_WARN,
  DIC_PVR_CANCEL_EPISODE_SERIE,
  DIC_PVR_CANCEL_MANUAL_RECORD,
  DIC_PVR_DELETE_ALL,
  DIC_PVR_DELETE_CONFIRM_MSG,
  DIC_PVR_DELETE_NO,
  DIC_PVR_DELETE_RECORD_WARN,
  DIC_PVR_DELETE_YES,
  DIC_PVR_FAILED_MSG,
  DIC_PVR_FIRST_START,
  DIC_PVR_GUARD_END,
  DIC_PVR_GUARD_END_DESC,
  DIC_PVR_GUARD_START,
  DIC_PVR_GUARD_START_DESC,
  DIC_PVR_GUARD_TIME_MSG,
  DIC_PVR_KEEP_STATUS_ENABLED,
  DIC_PVR_KEEP_STATUS_NOT_ENABLED,
  DIC_PVR_MODIFY_BOOKING_WARN,
  DIC_PVR_NO_EXTENDED_EVENT_INFO,
  DIC_PVR_RESULTS_PREFIX,
  DIC_PVR_SETTINGS_MENU_CONTEXTUAL_HELPS,
  DIC_PVR_SETTINGS_TITLE,
  DIC_PVR_SPACE_MANAGEMENT,
  DIC_PVR_START_BEGINNING,
  DIC_PVR_START_LASTPOS,
  DIC_PVR_STOP_RECORD_WARN,
  DIC_PVR_WATCH,
  DIC_QUADRANT_CONFLICT_MESSAGE,
  DIC_RADIO_MOSAIC,
  DIC_RANGING_COMPLETE,
  DIC_RANGING_IN_PROGRESS,
  DIC_RATE_PROGRAMME,
  DIC_RB_FULL_CANCEL,
  DIC_RB_FULL_MSG,
  DIC_RB_FULL_TITLE,
  DIC_RECENTLY_ADDED,
  DIC_RECORDING_CANCEL_INFO,
  DIC_RECORDING_CNCL_CONFIRMATION_MESSAGE,
  DIC_RECORDING_CONFLICT_TITLE,
  DIC_RECORDING_INFO,
  DIC_RECORDING_MSG_POPUP,
  DIC_RECORDING_STOP_INFO,
  DIC_RECORDING_SUCCEEDED,
  DIC_RECORD_SETTINGS_TITLE,
  DIC_REC_DELETE,
  DIC_REC_EVENT,
  DIC_REC_FILTER_ERROR_NO_RESULTS,
  DIC_REC_KEEP,
  DIC_REC_START_TIME_AT,
  DIC_REFUSE,
  DIC_REGION_AT,
  DIC_REGION_CH,
  DIC_REGION_DE,
  DIC_REGION_IE,
  DIC_REGION_NL,
  DIC_REGION_PL,
  DIC_REG_COMPLETE,
  DIC_REG_IN_PROGRESS,
  DIC_REJECT,
  DIC_REMINDER_REMOVE_CONFIRMATION,
  DIC_REMOTE_CONTROLE_NOT_PAIRED,
  DIC_REMOTE_CONTROLE_PAIRED,
  DIC_REMOTE_PAIRING_TITLE,
  DIC_REMOTE_PAIRING_WAIT_MSG,
  DIC_REMOVE_MEMO,
  DIC_REMOV_DEVICE_MSG,
  DIC_REMOV_DEVICE_TITLE,
  DIC_REORDER_FAV_CONFIRM_POSITION_MSG,
  DIC_REORDER_FAV_MODIFY_MSG,
  DIC_RESTORE_DEFAULT_SETTINGS,
  DIC_RF_MUTE,
  DIC_RF_REMOTE_CONTROL_STATUS,
  DIC_ROUTER_WAN,
  DIC_SAFE_REMOV_TITLE,
  DIC_SATCR_BAND_LABEL,
  DIC_SATCR_NOSATELLITE_ERR_MSG,
  DIC_SATCR_PREDEF_LABEL,
  DIC_SATCR_TUNER_LABEL,
  DIC_SATCR_USERDEF_LABEL,
  DIC_SATCR_WRONGFREQ_ERR_MSG,
  DIC_SATCR_WRONGSLOT_ERR_MSG,
  DIC_SATCR_WRONGVALUES_ERR_MSG,
  DIC_SAT_FREQUENCY_ERROR_MESSAGE,
  DIC_SAVE,
  DIC_SCANNING_FAILURE,
  DIC_SCANNING_FAILURE_ADV,
  DIC_SCANNING_FAILURE_CABLE,
  DIC_SCANNING_INTERRUPTED,
  DIC_SCANNING_TYPE_DESC,
  DIC_SCANNING_TYPE_FULL,
  DIC_SCANNING_TYPE_PREMIERE,
  DIC_SCART_4_3_CONVERSION,
  DIC_SCOPE_NETWORK,
  DIC_SCOPE_TRANSPONDER,
  DIC_SD_VIDEO_FORMAT,
  DIC_SEARCHING_EXISTING_NETWORK,
  DIC_SEARCH_ASSET_TYPE_ARCHIVES,
  DIC_SEARCH_ASSET_TYPE_MUSIC,
  DIC_SEARCH_ASSET_TYPE_PHOTOS,
  DIC_SEARCH_ASSET_TYPE_RECORDED,
  DIC_SEARCH_CRITERIA_ALL_CHANNELS,
  DIC_SEARCH_NETWORK_ISSUE_MSG,
  DIC_SEARCH_NETWORK_ISSUE_TITLE,
  DIC_SEARCH_REDEFINE_SEARCH,
  DIC_SEARCH_REFINE,
  DIC_SEARCH_REFINE_PRICE,
  DIC_SEARCH_REFINE_RELEVANCY,
  DIC_SEARCH_REFINE_RESULT,
  DIC_SEARCH_REFINE_SOURCE,
  DIC_SEARCH_REFINE_TIME,
  DIC_SEARCH_RESULTS,
  DIC_SECOND_SCREEN_ACTION_ERROR_MSG,
  DIC_SECOND_SCREEN_ACTION_ERROR_MSG_AUTH_LEVEL_C_REQ,
  DIC_SECOND_SCREEN_ACTION_ERROR_MSG_TITLE,
  DIC_SECOND_SCREEN_ACTION_FAV_INFO_MSG_REMOVED,
  DIC_SECOND_SCREEN_ACTION_REMOVE_FROM_FAV,
  DIC_SECOND_SCREEN_ADVANCED,
  DIC_SECOND_SCREEN_ALL,
  DIC_SECOND_SCREEN_ALL_2,
  DIC_SECOND_SCREEN_BACK,
  DIC_SECOND_SCREEN_CHOOSE_COUNTRY,
  DIC_SECOND_SCREEN_CLASSIC,
  DIC_SECOND_SCREEN_CONNECTION_PROBLEM,
  DIC_SECOND_SCREEN_CONNECTION_PROBLEM_2,
  DIC_SECOND_SCREEN_CONTENT_NOT_AVAILABLE,
  DIC_SECOND_SCREEN_CREATE_ACCOUNT,
  DIC_SECOND_SCREEN_DATA_RETR_ERROR,
  DIC_SECOND_SCREEN_DEVICES_MSG,
  DIC_SECOND_SCREEN_ENTER_LOGIN,
  DIC_SECOND_SCREEN_ENTER_PASSWORD,
  DIC_SECOND_SCREEN_FACEBOOK,
  DIC_SECOND_SCREEN_FACEBOOK_LATER,
  DIC_SECOND_SCREEN_FACEBOOK_LOGIN_QUESTION,
  DIC_SECOND_SCREEN_FACEBOOK_MESSAGES,
  DIC_SECOND_SCREEN_FACEBOOK_NOW,
  DIC_SECOND_SCREEN_FACEBOOK_SETTINGS,
  DIC_SECOND_SCREEN_FAQ,
  DIC_SECOND_SCREEN_FIRST_INSTALL_ACTION_FORGOTTEN_CREDENTIALS,
  DIC_SECOND_SCREEN_FIRST_INSTALL_INFO_MSG_MYUPC_REGISTRATION,
  DIC_SECOND_SCREEN_FIRST_INSTALL_LOGIN_PROMPT,
  DIC_SECOND_SCREEN_FIRST_INSTALL_REGISTRATION_MORE_INFO,
  DIC_SECOND_SCREEN_FIRST_INSTALL_REGISTRATION_NO,
  DIC_SECOND_SCREEN_FIRST_INSTALL_REGISTRATION_REGISTER,
  DIC_SECOND_SCREEN_FIRST_INSTALL_REGISTRATION_YES,
  DIC_SECOND_SCREEN_FIRST_INSTALL_SCREEN_TITLE_COUNTRY,
  DIC_SECOND_SCREEN_FORGOT_PASSWORD,
  DIC_SECOND_SCREEN_FORMAT_ERROR,
  DIC_SECOND_SCREEN_GENERIC_LOGIN_ERROR,
  DIC_SECOND_SCREEN_HASHTAG,
  DIC_SECOND_SCREEN_HN_VIDEOS_MSG,
  DIC_SECOND_SCREEN_INFO_MSG_NO_RESULT,
  DIC_SECOND_SCREEN_INSTAL_PROBLEM,
  DIC_SECOND_SCREEN_KEYWORD,
  DIC_SECOND_SCREEN_LIST_OF_RECORDINGS_MSG,
  DIC_SECOND_SCREEN_LOGIN,
  DIC_SECOND_SCREEN_LOGIN_ERROR,
  DIC_SECOND_SCREEN_MENU,
  DIC_SECOND_SCREEN_MESSAGES,
  DIC_SECOND_SCREEN_MYLIBRARY_CONTENT_NOT_AVAILABLE,
  DIC_SECOND_SCREEN_MYPHOTOS_ERROR_MSG_FILE_SIZE,
  DIC_SECOND_SCREEN_MYVIDEOS_INFO_MSG_NO_CONTENT,
  DIC_SECOND_SCREEN_NAVIGATION,
  DIC_SECOND_SCREEN_NETHERLANDS,
  DIC_SECOND_SCREEN_NETOWRK_ERROR_MESSAGE,
  DIC_SECOND_SCREEN_NETWORK_PROBLE,,
  DIC_SECOND_SCREEN_NONE,
  DIC_SECOND_SCREEN_NONE_2,
  DIC_SECOND_SCREEN_NOT-CONNECTED_MSG,
  DIC_SECOND_SCREEN_NO_CONTENT_MSG,
  DIC_SECOND_SCREEN_NO_DEVICES_MSG,
  DIC_SECOND_SCREEN_NO_MUSIC_MSG,
  DIC_SECOND_SCREEN_NO_PHOTOS_MSG,
  DIC_SECOND_SCREEN_NO_RESPONSE_ERROR,
  DIC_SECOND_SCREEN_NO_VIDEOS_MSG,
  DIC_SECOND_SCREEN_OK,
  DIC_SECOND_SCREEN_PAIRING_ERROR_MSG_AUTH_LEVEL_C,
  DIC_SECOND_SCREEN_PAIR_SUCCEFFUL_MSG,
  DIC_SECOND_SCREEN_PASSWORD_ERROR,
  DIC_SECOND_SCREEN_PB-PROBLEM,
  DIC_SECOND_SCREEN_PLANNER_INFO_MSG_NO_REC,
  DIC_SECOND_SCREEN_PLAYBACK_ERROR_MSG,
  DIC_SECOND_SCREEN_RCU,
  DIC_SECOND_SCREEN_RECOM_CHANNEL,
  DIC_SECOND_SCREEN_RECOM_CHANNEL_TIME,
  DIC_SECOND_SCREEN_RECOM_CHANNEL_TIME_DATE,
  DIC_SECOND_SCREEN_RECOM_TITLE,
  DIC_SECOND_SCREEN_RECORD_NOT_RECVD,
  DIC_SECOND_SCREEN_RECORD_RECVD_SUCCESS,
  DIC_SECOND_SCREEN_REFRESH,
  DIC_SECOND_SCREEN_REGIS_USER_MSG,
  DIC_SECOND_SCREEN_REMINDER_ACTION_DISMISS,
  DIC_SECOND_SCREEN_REMINDER_ACTION_WATCH,
  DIC_SECOND_SCREEN_REMOTE_BOOKING_INFO_MSG_SENDING,
  DIC_SECOND_SCREEN_SETTINGS_STREAMING,
  DIC_SECOND_SCREEN_SETTINGS_STREAMING_ALWAYS,
  DIC_SECOND_SCREEN_SETTINGS_STREAMING_NO_ROAMING,
  DIC_SECOND_SCREEN_SETTINGS_STREAMING_WIFI_ONLY,
  DIC_SECOND_SCREEN_SETUPDIC_SECOND_SCREEN_SETUP_INFO_MSG_MYUPC_ACCOUNT,
  DIC_SECOND_SCREEN_SETUP_ACCOUNT,
  DIC_SECOND_SCREEN_SETUP_ACTION_LOG_IN,
  DIC_SECOND_SCREEN_SETUP_ACTION_LOG_IN_2,
  DIC_SECOND_SCREEN_SETUP_ACTION_LOG_OUT,
  DIC_SECOND_SCREEN_SETUP_CANCEL,
  DIC_SECOND_SCREEN_SETUP_CONFIRM,
  DIC_SECOND_SCREEN_SETUP_INFO_MSG_DISCONNECTED,
  DIC_SECOND_SCREEN_SHARE,
  DIC_SECOND_SCREEN_SIGNOUT,
  DIC_SECOND_SCREEN_SUBGENRE,
  DIC_SECOND_SCREEN_SWITZERLAND,
  DIC_SECOND_SCREEN_TOOLBOX,
  DIC_SECOND_SCREEN_TUTORIALS,
  DIC_SECOND_SCREEN_TWITTER,
  DIC_SECOND_SCREEN_TWITTER_LATER,
  DIC_SECOND_SCREEN_TWITTER_LOGIN_QUESTION,
  DIC_SECOND_SCREEN_TWITTER_MESSAGES,
  DIC_SECOND_SCREEN_TWITTER_NOW,
  DIC_SECOND_SCREEN_TWITTER_SETTINGS,
  DIC_SECOND_SCREEN_USE_AS-REMOTE_MSG,
  DIC_SECOND_SCREEN_VIDEOS_BOUGHT_MSG,
  DIC_SECOND_SCREEN_VIDEOS_MSG,
  DIC_SECOND_SCREEN_VIDEO_BACKGROUND,
  DIC_SECOND_SCREEN_WATCHONTV,
  DIC_SECOND_SCREEN_WATCH_ERROR_MSG_NOT_ENTITLED,
  DIC_SECOND_SCREEN__ONLY_UPC,
  DIC_SECURITY_ESTABLISHED,
  DIC_SELECT_LOCK,
  DIC_SELECT_LOCK_TITLE,
  DIC_SELECT_OFFSET,
  DIC_SELECT_START_CHANNEL,
  DIC_SELECT_UNLOCK,
  DIC_SELECT_UNLOCK_TITLE,
  DIC_SERIAL_NUMBER,
  DIC_SERIES_VAL_ALL_CHANNEL,
  DIC_SERIES_VAL_SINGLE_CHANNEL,
  DIC_SERVER_MODE,
  DIC_SERVER_STATE,
  DIC_SERVICES_CONFIGURATION_DESC,
  DIC_SERVICES_CONFIG_TIP,
  DIC_SERVICES_ONE_CABLE,
  DIC_SERVICES_REPLACE_TYPE,
  DIC_SERVICES_SATCR,
  DIC_SERVICES_TWO_CABLE,
  DIC_SERVICES_UPDATE_DESC,
  DIC_SERVICES_UPDATE_TYPE,
  DIC_SETTINGS,
  DIC_SETTINGS_ACCESSIBILITY,
  DIC_SETTINGS_ACTIVATE,
  DIC_SETTINGS_ACTIVATE_MASTERPIN,
  DIC_SETTINGS_ACTIVATE_STARTUP_PROTECTION,
  DIC_SETTINGS_ADD_NEW_VALUE,
  DIC_SETTINGS_ADD_RC,
  DIC_SETTINGS_ADD_REMOTE_CONTROL,
  DIC_SETTINGS_ANALOG_AUDIO_ON_SCART,
  DIC_SETTINGS_APPLY_CHANGES,
  DIC_SETTINGS_APPLY_ERROR_TITLE,
  DIC_SETTINGS_AUDIO_DELAY,
  DIC_SETTINGS_AUDIO_DELAY_VALUES,
  DIC_SETTINGS_AUDIO_DESCRIPTION,
  DIC_SETTINGS_AUDIO_FORMAT,
  DIC_SETTINGS_AUDIO_LANGUAGE,
  DIC_SETTINGS_AUDIO_PREF,
  DIC_SETTINGS_AUTH_MODE,
  DIC_SETTINGS_AUTH_TYPE,
  DIC_SETTINGS_AUTOMATIC,
  DIC_SETTINGS_AUTOMATIC_STANDBY,
  DIC_SETTINGS_AUTO_RECOMMENDED_REC,
  DIC_SETTINGS_AUTO_RECORDINGS,
  DIC_SETTINGS_AUTO_SELECT_DOLBY_HDMI,
  DIC_SETTINGS_AUTO_SELECT_DOLBY_SPDIF,
  DIC_SETTINGS_AV_CONTROL_ON_SCART,
  DIC_SETTINGS_BANNER_DISPLAY,
  DIC_SETTINGS_BATTERY_LEVEL,
  DIC_SETTINGS_BOX_SET_UP,
  DIC_SETTINGS_CHANGE_MASTERPIN,
  DIC_SETTINGS_CHANGE_MAX_NUMBER_OF_ENTRIES,
  DIC_SETTINGS_CHANGE_STB_TX_POWER_LEVEL,
  DIC_SETTINGS_CHANGE_VALUE,
  DIC_SETTINGS_CHANNEL_IN_USE,
  DIC_SETTINGS_CHANNEL_ZAPPING,
  DIC_SETTINGS_CHECK_UPDATES,
  DIC_SETTINGS_CINCH_ANALOUGE,
  DIC_SETTINGS_CONFIRM_LIST,
  DIC_SETTINGS_CONNECT_TO_HN,
  DIC_SETTINGS_CYCLES_NUMBER,
  DIC_SETTINGS_DEFAULT_CHANNEL,
  DIC_SETTINGS_DESTINATION_NETWORK_ADDRESS,
  DIC_SETTINGS_DEVICE_MENU_PRESENTATION,
  DIC_SETTINGS_DIAGNOSTICS,
  DIC_SETTINGS_DIAGNOSTICS_BOX,
  DIC_SETTINGS_DIAGNOSTICS_TV,
  DIC_SETTINGS_DIAG_TEST,
  DIC_SETTINGS_DIAG_TEST_FAILED,
  DIC_SETTINGS_DIAG_TEST_IN_PROG,
  DIC_SETTINGS_DIAG_TEST_PASSED,
  DIC_SETTINGS_DIAG_UNAVAILABLE,
  DIC_SETTINGS_DISABLED,
  DIC_SETTINGS_DISABLED_3D,
  DIC_SETTINGS_DISK_SPACE_MNGMNT,
  DIC_SETTINGS_DLNA,
  DIC_SETTINGS_DOCSIS,
  DIC_SETTINGS_DVR,
  DIC_SETTINGS_DVR_AND_REMINDERS,
  DIC_SETTINGS_DVR_REMINDER_SERIES,
  DIC_SETTINGS_EGT,
  DIC_SETTINGS_ENABLED,
  DIC_SETTINGS_ENCR_KEY,
  DIC_SETTINGS_ENCR_PROTOCOL,
  DIC_SETTINGS_EXTERNAL_HDD,
  DIC_SETTINGS_FACTORY_RESET,
  DIC_SETTINGS_FACTORY_RESET_CONFIRM,
  DIC_SETTINGS_FAC_RESET_KEEP_RECORDS,
  DIC_SETTINGS_FAC_RESET_LAUNCH,
  DIC_SETTINGS_FAVOURITES,
  DIC_SETTINGS_FRONT_PANEL,
  DIC_SETTINGS_GENERAL,
  DIC_SETTINGS_GUIDE_TYPE_FULL,
  DIC_SETTINGS_GUIDE_TYPE_OVERLAY,
  DIC_SETTINGS_HARD_OF_HEARING_SUBTITLES,
  DIC_SETTINGS_HDMI ,
  DIC_SETTINGS_HDMI_AUDIO_OUTPUT,
  DIC_SETTINGS_HD_FORMAT_1080I,
  DIC_SETTINGS_HD_FORMAT_1080P,
  DIC_SETTINGS_HD_FORMAT_576P,
  DIC_SETTINGS_HD_FORMAT_720P,
  DIC_SETTINGS_HD_FORMAT_TV_PREFERRED,
  DIC_SETTINGS_HD_RESOLUTION,
  DIC_SETTINGS_HN_MODE,
  DIC_SETTINGS_HN_WIZARD,
  DIC_SETTINGS_HOME_NETWORK,
  DIC_SETTINGS_IEEE_ADDRESS,
  DIC_SETTINGS_INACTIVITY_PERIOD,
  DIC_SETTINGS_INFO_LONG_CYCLES_NUMBER,
  DIC_SETTINGS_INFO_LONG_PAIRING_DURATION,
  DIC_SETTINGS_INFO_LONG_TIMEOUT_DURATION,
  DIC_SETTINGS_INFO_LONG_TOTAL_DURATION,
  DIC_SETTINGS_INFO_LONG_UI_TRIGGER_TIME,
  DIC_SETTINGS_INFO_SHORT_CYCLES_NUMBER,
  DIC_SETTINGS_INFO_SHORT_PAIRING_DURATION,
  DIC_SETTINGS_INFO_SHORT_TIMEOUT_DURATION,
  DIC_SETTINGS_INFO_SHORT_TOTAL_DURATION,
  DIC_SETTINGS_INFO_SHORT_UI_TRIGGER_TIME,
  DIC_SETTINGS_INSTR_MORE_INFO,
  DIC_SETTINGS_INTERNET_WIFI,
  DIC_SETTINGS_LAN,
  DIC_SETTINGS_LANGUAGE,
  DIC_SETTINGS_LANG_ENGLISH,
  DIC_SETTINGS_LANG_FRENCH,
  DIC_SETTINGS_LANG_GERMAN,
  DIC_SETTINGS_LANG_HEBREW,
  DIC_SETTINGS_LANG_KOREAN,
  DIC_SETTINGS_LANG_PORTUGUESE,
  DIC_SETTINGS_LANG_RUSSIAN,
  DIC_SETTINGS_LANG_SPANISH,
  DIC_SETTINGS_LONG_CYCLES_NUMBER,
  DIC_SETTINGS_LONG_PAIRING_DURATION,
  DIC_SETTINGS_LONG_TIMEOUT_DURATION,
  DIC_SETTINGS_LONG_TOTAL_DURATION,
  DIC_SETTINGS_LONG_UI_TRIGGER_TIME,
  DIC_SETTINGS_MAIN_MENU_SSID_NAME,
  DIC_SETTINGS_MANUAL,
  DIC_SETTINGS_MASTER_PIN,
  DIC_SETTINGS_MAX_NUMBER_OF_ENTRIES,
  DIC_SETTINGS_MAX_NUMBER_OF_ENTRIES_MSG,
  DIC_SETTINGS_MAX_RECORDINGS,
  DIC_SETTINGS_MENU_LANGUAGE,
  DIC_SETTINGS_METADATE_ENRICHMENT,
  DIC_SETTINGS_MW_DISABLE,
  DIC_SETTINGS_MW_ENABLE,
  DIC_SETTINGS_MY_PROFILE,
  DIC_SETTINGS_NEW_PIN_REQUEST,
  DIC_SETTINGS_NO_APIF,
  DIC_SETTINGS_NUMBER_RC_IN_STB_PAIRING_TABLE,
  DIC_SETTINGS_NUMBER_STB_IN_RC_PAIRING_TABLE,
  DIC_SETTINGS_NW_CHANNEL_SEARCH,
  DIC_SETTINGS_OCCUPIED_DISK_SPACE,
  DIC_SETTINGS_OPERATING_FREQUENCY,
  DIC_SETTINGS_OPTION_CANCEL,
  DIC_SETTINGS_OPTION_CONFIRM,
  DIC_SETTINGS_OPTION_CONFIRM_MSG1,
  DIC_SETTINGS_OPTION_CONFIRM_MSG2,
  DIC_SETTINGS_OPTION_DISCARD,
  DIC_SETTINGS_OPTION_NO,
  DIC_SETTINGS_OPTION_OFF,
  DIC_SETTINGS_OPTION_ON,
  DIC_SETTINGS_OPTION_QUIT,
  DIC_SETTINGS_OPTION_RETRY,
  DIC_SETTINGS_OPTION_SAVE_AND_RESTART_NETWORK,
  DIC_SETTINGS_OPTION_YES,
  DIC_SETTINGS_PAIRING_DURATION,
  DIC_SETTINGS_PARENTAL,
  DIC_SETTINGS_PARENTAL_AGE_RATING ,
  DIC_SETTINGS_PARENTAL_LOCK_CHANNEL,
  DIC_SETTINGS_PBC_PAIRING,
  DIC_SETTINGS_PB_AUDIO_DELAY_VALUES,
  DIC_SETTINGS_PIN_AND_PC,
  DIC_SETTINGS_PIN_BLOCKED_MSG1,
  DIC_SETTINGS_PIN_BLOCKED_MSG2,
  DIC_SETTINGS_PIN_CHANGED,
  DIC_SETTINGS_PIN_CONFIRM,
  DIC_SETTINGS_PIN_CONFIRM_WRONG,
  DIC_SETTINGS_PIN_PERSONALISATION,
  DIC_SETTINGS_PIN_REQUEST,
  DIC_SETTINGS_PIN_WRONG,
  DIC_SETTINGS_POWER_MNGMNT,
  DIC_SETTINGS_PRIVACY,
  DIC_SETTINGS_PROFILES_SUPORTED,
  DIC_SETTINGS_PROFILE_ID_IN_USE,
  DIC_SETTINGS_PROGRESS_PAIRING,
  DIC_SETTINGS_PROPERTIES_LIST,
  DIC_SETTINGS_RCU_IEEE_ADDRESS,
  DIC_SETTINGS_RCU_VENDOR_ID,
  DIC_SETTINGS_RC_COMBO_10,
  DIC_SETTINGS_RC_COMBO_11,
  DIC_SETTINGS_RC_COMBO_20 ,
  DIC_SETTINGS_RC_COMBO_30,
  DIC_SETTINGS_RC_INDEX_IN_STB_PAIRING_TABLE,
  DIC_SETTINGS_RC_STB_INDEX,
  DIC_SETTINGS_RECIPIENT_NODE_CAPAPILITIES,
  DIC_SETTINGS_REMINDERS,
  DIC_SETTINGS_REMINDER_COUNTDOWN,
  DIC_SETTINGS_REMINDER_NOTIFICATION,
  DIC_SETTINGS_REMOTE_CONTROL,
  DIC_SETTINGS_REORDER_LIST,
  DIC_SETTINGS_RESET_ACCESSIBILITY_SETTINGS,
  DIC_SETTINGS_RESET_AP_SETTINGS,
  DIC_SETTINGS_RESET_AP_SETTINGS_CONFIRMATION,
  DIC_SETTINGS_RESET_AUDIO,
  DIC_SETTINGS_RESET_SOUNDTRACK_SETTINGS,
  DIC_SETTINGS_RESET_SUBTITLES,
  DIC_SETTINGS_RESET_SUBTITLES_SETTINGS,
  DIC_SETTINGS_RESTORE_DEFAULT,
  DIC_SETTINGS_RF4CE_CALL_NUM,
  DIC_SETTINGS_RF4CE_PAN_ID,
  DIC_SETTINGS_SCART ,
  DIC_SETTINGS_SCART_CVBS,
  DIC_SETTINGS_SCART_RGB_CVBS,
  DIC_SETTINGS_SCART_VIDEO_SIGNAL,
  DIC_SETTINGS_SELECT_CHANNEL,
  DIC_SETTINGS_SGT,
  DIC_SETTINGS_SHORT_CYCLES_NUMBER,
  DIC_SETTINGS_SHORT_PAIRING_DURATION,
  DIC_SETTINGS_SHORT_TIMEOUT_DURATION,
  DIC_SETTINGS_SHORT_TOTAL_DURATION,
  DIC_SETTINGS_SHORT_UI_TRIGGER_TIME,
  DIC_SETTINGS_SKIP_BACK_INTERVAL,
  DIC_SETTINGS_SKIP_BACK_VALUES,
  DIC_SETTINGS_SKIP_FWD_INTERVAL,
  DIC_SETTINGS_SKIP_FWD_VALUES,
  DIC_SETTINGS_SOFTWARE_INFO,
  DIC_SETTINGS_SPDIF_AUDIO_DELAY,
  DIC_SETTINGS_SPDIF_AUDIO_OUTPUT,
  DIC_SETTINGS_SSID_NAME,
  DIC_SETTINGS_STANDBY_MODE,
  DIC_SETTINGS_STB_IEEE_ADDRESS,
  DIC_SETTINGS_STB_INDEX_IN_RC_PAIRING_TABLE,
  DIC_SETTINGS_STB_IN_RC_PAIRING_TABLE,
  DIC_SETTINGS_STB_RX_POWER_LEVEL,
  DIC_SETTINGS_STB_TX_POWER_LEVEL,
  DIC_SETTINGS_STB_TX_POWER_VALUES,
  DIC_SETTINGS_STB_VENDOR_ID,
  DIC_SETTINGS_SUBTITLES,
  DIC_SETTINGS_SUBTITLE_DISPLAY,
  DIC_SETTINGS_SYSTEM_UPDATE,
  DIC_SETTINGS_THEME,
  DIC_SETTINGS_TIMEOUT_DURATION,
  DIC_SETTINGS_TIME_WINDOW,
  DIC_SETTINGS_TIME_WINDOW_ERROR_MESSAGE,
  DIC_SETTINGS_TIME_WINDOW_ERROR_TITLE,
  DIC_SETTINGS_TIMING_VALUE,
  DIC_SETTINGS_TOTAL_DURATION,
  DIC_SETTINGS_TRANSPARENCY,
  DIC_SETTINGS_TRANSPARENCY_OPTIONS,
  DIC_SETTINGS_TVSIGNALS_HIGH,
  DIC_SETTINGS_TVSIGNALS_LOW,
  DIC_SETTINGS_TVSIGNALS_MEDIUM,
  DIC_SETTINGS_TVSIGNALS_SIGNAL_QUALITY,
  DIC_SETTINGS_TVSIGNALS_SIGNAL_STRENGTH,
  DIC_SETTINGS_TV_DEVICE,
  DIC_SETTINGS_TV_FORMAT,
  DIC_SETTINGS_TV_FORMAT_AUTO,
  DIC_SETTINGS_TV_FORMAT_FULL_SCREEN,
  DIC_SETTINGS_TV_FORMAT_LETTER_BOX,
  DIC_SETTINGS_TV_FORMAT_PAN_SCAN,
  DIC_SETTINGS_TV_FORMAT_PILLAR_BOX,
  DIC_SETTINGS_TV_FORMAT_STRETCHED,
  DIC_SETTINGS_TV_FORMAT_WIDE_SCREEN,
  DIC_SETTINGS_TV_FORMAT_ZOOM,
  DIC_SETTINGS_TV_GUIDE_UI,
  DIC_SETTINGS_TV_SETTINGS,
  DIC_SETTINGS_UI_TRIGGER_TIME,
  DIC_SETTINGS_UPDATE_FOUND_AUTOMATIC_MSG,
  DIC_SETTINGS_UPDATE_FOUND_MANDATORY_MSG,
  DIC_SETTINGS_UPDATE_FOUND_TITLE,
  DIC_SETTINGS_UPDATE_NOT_FOUND_MSG,
  DIC_SETTINGS_UPDATE_NOT_FOUND_TITLE,
  DIC_SETTINGS_UPDATE_SEARCH_MSG,
  DIC_SETTINGS_UPDATE_SEARCH_TITLE,
  DIC_SETTINGS_UPDATE_UPTODATE_MSG,
  DIC_SETTINGS_UPDATE_UPTODATE_TITLE,
  DIC_SETTINGS_UPDATE_WARNING_MSG,
  DIC_SETTINGS_UPDATE_WARNING_TITLE,
  DIC_SETTINGS_USER_PREF,
  DIC_SETTINGS_VALUE_UNKNOWN,
  DIC_SETTINGS_VENDOR_ID,
  DIC_SETTINGS_VIDEO_FORMAT,
  DIC_SETTINGS_VIDEO_OUTPUT,
  DIC_SETTINGS_WIDGET_LIST,
  DIC_SETTINGS_WIDGET_PREF,
  DIC_SETTINGS_WIFI_AP,
  DIC_SETTINGS_WIFI_STA,
  DIC_SETTINGS_WIFI_STA_RESET,
  DIC_SETTINGS_WINDOW_END_TIME,
  DIC_SETTINGS_WINDOW_START_TIME,
  DIC_SETTING_FRONT_PANEL_BRIGHT,
  DIC_SETTING_WIFI_PBC_PAIRED_MSG,
  DIC_SETTING_WIFI_PBC_RETRY_MSG,
  DIC_SETTING_WIFI_PBC_SCANNING_MSG,
  DIC_SETTING_WIFI_PBC_SCANNING_TITLE,
  DIC_SETTING_WIFI_PBC_TITLE,
  DIC_SETUP_ADV_SCANNING_TITLE,
  DIC_SETUP_DATE,
  DIC_SETUP_DEFAULT_SATELITTE,
  DIC_SETUP_FAVORITE,
  DIC_SETUP_FAVORITE_AUTO,
  DIC_SETUP_FAVORITE_BTN_BACK,
  DIC_SETUP_FAVORITE_BTN_EDIT,
  DIC_SETUP_FAVORITE_BTN_RESET,
  DIC_SETUP_FAVORITE_BTN_SORT,
  DIC_SETUP_FAVORITE_BTN_UPDATE,
  DIC_SETUP_FAVORITE_CONFIRM_MSG_1,
  DIC_SETUP_FAVORITE_CONFIRM_MSG_2,
  DIC_SETUP_FAVORITE_DVBC,
  DIC_SETUP_FAVORITE_DVBS,
  DIC_SETUP_FAVORITE_LIST,
  DIC_SETUP_FAVORITE_MANUAL,
  DIC_SETUP_FAVORITE_PART1,
  DIC_SETUP_FAVORITE_PART2,
  DIC_SETUP_FAVORITE_RADIO_FAV_RANGE,
  DIC_SETUP_FAVORITE_RADIO_LIST,
  DIC_SETUP_FAVORITE_RESET_TITLE,
  DIC_SETUP_FAVORITE_SUBTITLE,
  DIC_SETUP_FAVORITE_TV_FAV_RANGE,
  DIC_SETUP_FAVORITE_TV_LIST,
  DIC_SETUP_FAVORITE_UPDATE,
  DIC_SETUP_FAVORITE_UPDATE_TITLE,
  DIC_SETUP_FAVRESET_MSG1,
  DIC_SETUP_FAVRESET_MSG2,
  DIC_SETUP_FAVRESET_MSG3,
  DIC_SETUP_FAVRESET_MSG4,
  DIC_SETUP_FAVRESET_MSG5,
  DIC_SETUP_IMAGE,
  DIC_SETUP_NON_FAV_RADIO_RANGE,
  DIC_SETUP_NON_FAV_TV_RANGE,
  DIC_SETUP_NO_SATELLITE,
  DIC_SETUP_SCANNING,
  DIC_SETUP_SCANNING_BTN_ADV,
  DIC_SETUP_SCANNING_BTN_CANCEL,
  DIC_SETUP_SCANNING_BTN_DISH_POINTING,
  DIC_SETUP_SCANNING_BTN_MANUAL,
  DIC_SETUP_SCANNING_BTN_MSG,
  DIC_SETUP_SCANNING_BTN_START,
  DIC_SETUP_SCANNING_DISEQC_A,
  DIC_SETUP_SCANNING_DISEQC_B,
  DIC_SETUP_SCANNING_DISEQC_C,
  DIC_SETUP_SCANNING_DISEQC_D,
  DIC_SETUP_SCANNING_DISEQC_DESC,
  DIC_SETUP_SCANNING_DISEQC_NONE,
  DIC_SETUP_SCANNING_FINISHED_MSG ,
  DIC_SETUP_SCANNING_HIGH_BAND_DESC,
  DIC_SETUP_SCANNING_LNB_DEACTIVATED,
  DIC_SETUP_SCANNING_LNB_DESC,
  DIC_SETUP_SCANNING_LNB_POW_ACTIVATED,
  DIC_SETUP_SCANNING_LNB_POW_DESC,
  DIC_SETUP_SCANNING_LNB_POW_NONE,
  DIC_SETUP_SCANNING_LNB_UNIVERSAL,
  DIC_SETUP_SCANNING_LOW_BAND_DESC,
  DIC_SETUP_SCANNING_MSG,
  DIC_SETUP_SCANNING_NETWORK_ID_DESC,
  DIC_SETUP_SCANNING_NETWORK_NAME_DESC,
  DIC_SETUP_SCANNING_NEW,
  DIC_SETUP_SCANNING_SAT_DESC,
  DIC_SETUP_SCANNING_SUCCESS,
  DIC_SETUP_SERVIVE_MENU,
  DIC_SET_REMINDER_EPISODE,
  DIC_SET_REMINDER_SERIES,
  DIC_SIGNAL_DOUBLE_TUNER,
  DIC_SIGNAL_LOSS,
  DIC_SIGNAL_QUALITY,
  DIC_SIGNAL_STRENGTH,
  DIC_SINGLE_SERIES_PROG,
  DIC_SMARTCARD_INFO_BTN_BACK,
  DIC_SMARTCARD_INFO_CA_PROJECT_NAME,
  DIC_SMARTCARD_INFO_CA_SN,
  DIC_SMARTCARD_INFO_CA_VERSION,
  DIC_SMARTCARD_INFO_DAY,
  DIC_SMARTCARD_INFO_DAYS,
  DIC_SMARTCARD_INFO_FEED_CABLE,
  DIC_SMARTCARD_INFO_FEED_SATTELITE,
  DIC_SMARTCARD_INFO_FEED_TYPE,
  DIC_SMARTCARD_INFO_HINWEIS_302_CABLE_MSG,
  DIC_SMARTCARD_INFO_HINWEIS_302_SAT_MSG,
  DIC_SMARTCARD_INFO_HINWEIS_302_TITLE,
  DIC_SMARTCARD_INFO_HINWEIS_303_MSG,
  DIC_SMARTCARD_INFO_HINWEIS_303_TITLE,
  DIC_SMARTCARD_INFO_HINWEIS_304_MSG,
  DIC_SMARTCARD_INFO_HINWEIS_304_TITLE,
  DIC_SMARTCARD_INFO_HINWEIS_305_MSG,
  DIC_SMARTCARD_INFO_HINWEIS_305_TITLE,
  DIC_SMARTCARD_INFO_HINWEIS_309_MSG,
  DIC_SMARTCARD_INFO_HINWEIS_309_TITLE,
  DIC_SMARTCARD_INFO_HINWEIS_310_MSG,
  DIC_SMARTCARD_INFO_HINWEIS_310_TITLE,
  DIC_SMARTCARD_INFO_HINWEIS_313_MSG,
  DIC_SMARTCARD_INFO_HINWEIS_313_TITLE,
  DIC_SMARTCARD_INFO_HINWEIS_314_MSG,
  DIC_SMARTCARD_INFO_HINWEIS_314_TITLE,
  DIC_SMARTCARD_INFO_HINWEIS_315_MSG,
  DIC_SMARTCARD_INFO_HINWEIS_315_TITLE,
  DIC_SMARTCARD_INFO_HINWEIS_321_MSG,
  DIC_SMARTCARD_INFO_HINWEIS_321_TITLE,
  DIC_SMARTCARD_INFO_HINWEIS_326_MSG,
  DIC_SMARTCARD_INFO_HINWEIS_326_TITLE,
  DIC_SMARTCARD_INFO_HINWEIS_333_MSG,
  DIC_SMARTCARD_INFO_HINWEIS_333_TITLE,
  DIC_SMARTCARD_INFO_HINWEIS_334_MSG,
  DIC_SMARTCARD_INFO_HINWEIS_334_TITLE,
  DIC_SMARTCARD_INFO_HINWEIS_335_MSG,
  DIC_SMARTCARD_INFO_HINWEIS_335_TITLE,
  DIC_SMARTCARD_INFO_HINWEIS_336_MSG,
  DIC_SMARTCARD_INFO_HINWEIS_336_TITLE,
  DIC_SMARTCARD_INFO_HINWEIS_361_MESSAGE,
  DIC_SMARTCARD_INFO_HINWEIS_361_TITLE,
  DIC_SMARTCARD_INFO_HINWEIS_381_MSG,
  DIC_SMARTCARD_INFO_HINWEIS_381_TITLE,
  DIC_SMARTCARD_INFO_HINWEIS_382_MSG,
  DIC_SMARTCARD_INFO_HINWEIS_382_TITLE,
  DIC_SMARTCARD_INFO_HINWEIS_383_MSG,
  DIC_SMARTCARD_INFO_HINWEIS_383_TITLE,
  DIC_SMARTCARD_INFO_HINWEIS_384_MSG,
  DIC_SMARTCARD_INFO_HINWEIS_384_TITLE,
  DIC_SMARTCARD_INFO_SMARTCARD_SN,
  DIC_SMARTCARD_INFO_SMARTCARD_STATUS,
  DIC_SMARTCARD_INFO_SMARTCARD_VERSION,
  DIC_SOCKET_CONN_FAILURE_MSG,
  DIC_SOFTWARE_UPDATE,
  DIC_SOFTWARE_UPDATE_AVAIL_MSG,
  DIC_SOFTWARE_UPDATE_BOOT_TITLE,
  DIC_SOFTWARE_UPDATE_FAILURE_INFO,
  DIC_SOFTWARE_UPDATE_HELP,
  DIC_SOFTWARE_UPDATE_HELP_MANDATORY,
  DIC_SOFTWARE_UPDATE_INFO,
  DIC_SOFTWARE_UPDATE_INFO_MANDATORY,
  DIC_SOFTWARE_UPDATE_TITLE,
  DIC_SOFTWARE_VERSION,
  DIC_SOLUTION_ITEM,
  DIC_SRV_AUDIO,
  DIC_SRV_EPG_UPDATE,
  DIC_SRV_FOUND,
  DIC_SRV_MENU_CONTEXTUAL_HELPS,
  DIC_SRV_MENU_CONTEXTUAL_HELP_AUDIO_SETTINGS,
  DIC_SRV_MENU_CONTEXTUAL_HELP_PVR_SETTINGS,
  DIC_SRV_MENU_TITLE,
  DIC_SRV_PIN_CODE,
  DIC_SRV_PIN_CODE_TITLE,
  DIC_SRV_SCANNING_TIME_PREFIX,
  DIC_SRV_SETUP_DISP,
  DIC_SRV_SMARTCARD,
  DIC_SRV_SMARTCARD_NOT_INSERTED,
  DIC_SRV_SMART_PIN_CODE,
  DIC_SRV_START_CH,
  DIC_SRV_SYSTEM,
  DIC_STANBY_NETWORK_WARNING_MESSAGE,
  DIC_STANDBY_AUTOMATIC_TIMEOUT_MSG,
  DIC_STANDBY_AUTOMATIC_TIMEOUT_TITLE,
  DIC_STANDBY_NETWORK_WARNING,
  DIC_START_ADDRESS,
  DIC_START_CHANNEL_POLICY,
  DIC_START_CH_ACTIVATION,
  DIC_START_CH_CHOOSE,
  DIC_START_CH_FIXED,
  DIC_START_CH_INFO_MSG,
  DIC_START_CH_LAST_VIEWED,
  DIC_START_FREQUENCY,
  DIC_START_IN_FULL_SCREEN,
  DIC_START_IN_SNIPPET_MODE,
  DIC_START_TEST,
  DIC_START_TIME,
  DIC_STATE,
  DIC_STATION,
  DIC_STB_ID,
  DIC_STOP_CURRENT_RECORDING_CONFIRM_MSG,
  DIC_STORE_ADULT_CONTENT,
  DIC_STORE_ALLVIDEOS,
  DIC_STORE_APPS,
  DIC_STORE_AUD_SUB_FORMAT,
  DIC_STORE_ENTITLED,
  DIC_STORE_ERROR_SCAN_MSG_SUFFIX,
  DIC_STORE_FILTER_BROADCASTER,
  DIC_STORE_FILTER_FORMAT,
  DIC_STORE_FILTER_GENRE,
  DIC_STORE_FILTER_LANGUAGE,
  DIC_STORE_FREE_ASSET,
  DIC_STORE_NO_ACTION_AVLBL,
  DIC_STORE_PURCHASE_FAILURE_MSG,
  DIC_STORE_PURCHASE_FAILURE_TITLE,
  DIC_STORE_PURCHASE_SUCCESS_MSG,
  DIC_STORE_PURCHASE_SUCCESS_TITLE,
  DIC_STORE_PURCHASING,
  DIC_STORE_RELATED,
  DIC_STORE_RESET_FILTER,
  DIC_STORE_RESULTS,
  DIC_STORE_SCAN_PROGRESS_WAIT_MSG,
  DIC_STORE_SERV_ACC,
  DIC_STORE_SORT_ADDED_PRICE,
  DIC_STORE_SORT_AZ,
  DIC_STORE_SORT_DATE,
  DIC_STORE_SORT_ORIG_BROD_YEAR,
  DIC_STORE_SORT_PROD_YEAR,
  DIC_STORE_WATCH_TRAILER,
  DIC_STRING_CHANNEL_FILTER,
  DIC_STRING_CONFIRMATION_MESSAGE,
  DIC_STRING_CONFIRMATION_MESSAGE_TAIL,
  DIC_STRING_FILTER_MENU_TITLE,
  DIC_STRING_GENRE_FILTER,
  DIC_STRING_MANUAL_BOOK_SERVICE_NAME,
  DIC_STRING_MESSAGE_BODY,
  DIC_STRING_MESSAGE_TITLE,
  DIC_STRING_PROGRAM_FILTER,
  DIC_STRING_PVR_MANUAL_TIMER,
  DIC_SUBTITLES_OFF,
  DIC_SUBTITLES_ON_OFF,
  DIC_SUBTITLE_HARD_OF_HEAR,
  DIC_SUCCESS,
  DIC_SUMMARY_ASPECT_RATIO,
  DIC_SUMMARY_ASSOCIATED_CHANNEL,
  DIC_SUMMARY_AUDIO_FORMAT,
  DIC_SUMMARY_AUDIO_FORMAT_DIGITAL,
  DIC_SUMMARY_AUDIO_FORMAT_DOLBY,
  DIC_SUMMARY_AUDIO_FORMAT_MONO,
  DIC_SUMMARY_AUDIO_FORMAT_MOVIE_THEATRE,
  DIC_SUMMARY_AUDIO_FORMAT_NO_SOUND,
  DIC_SUMMARY_AUDIO_FORMAT_SIMPLE_STEREO,
  DIC_SUMMARY_AUDIO_FORMAT_SURROUND,
  DIC_SUMMARY_AUDIO_LANGUAGE,
  DIC_SUMMARY_BROADCASTER,
  DIC_SUMMARY_CAST,
  DIC_SUMMARY_COPY_PROTECTION,
  DIC_SUMMARY_COPY_PROTECTION_HDCP,
  DIC_SUMMARY_COPY_PROTECTION_MACROVISION,
  DIC_SUMMARY_COPY_PROTECTION_TYPE_FREELY,
  DIC_SUMMARY_COPY_PROTECTION_TYPE_NEVER,
  DIC_SUMMARY_COPY_PROTECTION_TYPE_NO_MORE,
  DIC_SUMMARY_COPY_PROTECTION_TYPE_ONCE,
  DIC_SUMMARY_COUNTRY_OF_PRODUCTION,
  DIC_SUMMARY_DIRECTOR,
  DIC_SUMMARY_DURATION,
  DIC_SUMMARY_END_OF_AVAILABILITY,
  DIC_SUMMARY_EPISODE_NUMBER,
  DIC_SUMMARY_EPISODE_TITLE,
  DIC_SUMMARY_GENRE,
  DIC_SUMMARY_ISVIEWED,
  DIC_SUMMARY_NUMBER_OF_EPISODES,
  DIC_SUMMARY_PARENTAL_RATING,
  DIC_SUMMARY_REL_DATE,
  DIC_SUMMARY_SEASON_NUMBER,
  DIC_SUMMARY_SEASON_TITLE,
  DIC_SUMMARY_SERIES_NAME,
  DIC_SUMMARY_STAR_RATING,
  DIC_SUMMARY_SUBGENRE,
  DIC_SUMMARY_SUBTITLE_LANGUAGE,
  DIC_SUMMARY_VIDEO_FORMAT,
  DIC_SUNSCRIBE_TO_CHANNEL,
  DIC_SUPPORTED_MODE,
  DIC_SWITCH_SNIPPET_TO_FULLSCREEN,
  DIC_SW_UPDATE_LANGUAGE_QUERY,
  DIC_SYMBOL_RATE,
  DIC_SYMBOL_RATE_CABLE_ERROR_MESSAGE,
  DIC_SYMBOL_RATE_ERROR_MESSAGE,
  DIC_SYNCHRONIZE_AUDIO_TRACK,
  DIC_SYNCHRONIZE_SUBTITLE_TRACK,
  DIC_SYNCHRONIZE_VIDEO_TRACK,
  DIC_SYSTEM_BTN_FACTORY_RESET,
  DIC_SYSTEM_BTN_UPDATE,
  DIC_SYSTEM_LAST_UPDATE,
  DIC_SYSTEM_MAC_ADDRESS,
  DIC_SYSTEM_MANUFACTURER_ID,
  DIC_SYSTEM_MANUFACTURER_NAME,
  DIC_SYSTEM_PREMIERE_SN,
  DIC_SYSTEM_SOFT_VERSION,
  DIC_SYS_UPDATE,
  DIC_TARGETED_MSG_NOTIFICATION,
  DIC_TELETEXT_ERROR_MSG,
  DIC_TELETEXT_ERROR_TITLE,
  DIC_TELETEXT_PAGES_DISPLAY,
  DIC_TERMS_CONDITIONS,
  DIC_TEXT,
  DIC_TILL,
  DIC_TIMER_CANCEL_RECORD_INFO,
  DIC_TIMER_CONFLICT_DEVICE_REMOV_MSG,
  DIC_TIMER_CONFLICT_EPG_UPDATE_MSG,
  DIC_TIMER_CONFLICT_FACTORY_RESET_MSG,
  DIC_TIMER_CONFLICT_SCANNING_MSG,
  DIC_TIMER_ERROR,
  DIC_TIMER_ERROR_RECORD_ALREADY_EXISTS,
  DIC_TIMER_ERROR_TOO_MANY_TIMERS,
  DIC_TIMER_REMINDER_CANCEL_INFO,
  DIC_TIMER_REMINDER_INFO,
  DIC_TIMER_REMOVE_HELP,
  DIC_TIMER_SECS,
  DIC_TIME_BASED_STANDBY,
  DIC_TIME_CONFIG_HELP,
  DIC_TIME_CONFIG_SET_DATE,
  DIC_TIME_CONFIG_SET_TIME,
  DIC_TIME_CONFIG_TITLE,
  DIC_TIME_FORMAT,
  DIC_TITLE_ALL,
  DIC_TITLE_EXPIRING_SOON,
  DIC_TITLE_FILTER,
  DIC_TITLE_GHN,
  DIC_TITLE_MEMO,
  DIC_TITLE_PURCHASE,
  DIC_TITLE_RECORDINGS,
  DIC_TITLE_SERIES,
  DIC_TITLE_SINGLE_PROGRAM,
  DIC_TITLE_SORT,
  DIC_TITLE_SORT_ALPHABETICAL,
  DIC_TITLE_SORT_ALPHABETICAL_ALBUM,
  DIC_TITLE_SORT_ALPHABETICAL_ARTIST,
  DIC_TITLE_SORT_ALPHABETICAL_TRACK,
  DIC_TITLE_SORT_BRANDING_PROVIDER,
  DIC_TITLE_SORT_BROADCAST_DATE_TIME,
  DIC_TITLE_SORT_DATE,
  DIC_TITLE_SORT_MOST_USED,
  DIC_TITLE_SORT_RANKING_EDITORIAL,
  DIC_TITLE_SORT_RELEVANCY,
  DIC_TITLE_SOURCE,
  DIC_TITLE_UNWATCHED,
  DIC_TITLE_VALID_UPTO,
  DIC_TITLE_VOD,
  DIC_TITLE_WATCHED,
  DIC_TODAY,
  DIC_TOD_ESTABLISHED,
  DIC_TOOLBOX_CALLLOG,
  DIC_TOOLBOX_MESSAGES,
  DIC_TRANSPARENT,
  DIC_TRY_AGAIN,
  DIC_TS_ACTION_PAUSE,
  DIC_TS_ACTION_PLAY,
  DIC_TS_BACK_TO_LIVE,
  DIC_TS_FAST_FWD,
  DIC_TS_NEXT_TRACK,
  DIC_TS_PREVIOUS_TRACK,
  DIC_TS_REC,
  DIC_TS_REPEAT,
  DIC_TS_REPEAT_ALL,
  DIC_TS_REWIND,
  DIC_TS_SHUFFLE,
  DIC_TS_SHUFFLE_ALL,
  DIC_TS_SKIP_BACKWARD,
  DIC_TS_SKIP_FWD,
  DIC_TS_STOP,
  DIC_TS_STOP_REC,
  DIC_TS_STOP_REPEAT,
  DIC_TS_STOP_SHUFFLE,
  DIC_TUNER_CONFLICT_MESSAGE,
  DIC_TUNER_DROP_BOOKING,
  DIC_TUNER_DROP_RECORD,
  DIC_TUNER_IMMINENT_CONFLICT_MESSAGE,
  DIC_TUNER_ZAP_TO_LIVE,
  DIC_TUNER_ZAP_TO_LIVE_NEW,
  DIC_TURN_SUBTITLES_OFF,
  DIC_TURN_SUBTITLES_ON,
  DIC_TV_DIAG_UNKNOWN,
  DIC_TV_PREFERRED,
  DIC_TV_RESULTS,
  DIC_TV_SETTING_AV_DESC,
  DIC_TV_SETTING_AV_DISABLED,
  DIC_TV_SETTING_AV_ENABLED,
  DIC_TV_SETTING_ENHANCE_SETTINGS,
  DIC_TV_SETTING_FORMAT_16_9,
  DIC_TV_SETTING_FORMAT_4_3,
  DIC_TV_SETTING_FORMAT_DESC,
  DIC_TV_SETTING_FORMAT_RENDERING_AUTO,
  DIC_TV_SETTING_FORMAT_RENDERING_AUTO_SHORT,
  DIC_TV_SETTING_FORMAT_RENDERING_LETTERBOX,
  DIC_TV_SETTING_FORMAT_RENDERING_PANSCAN,
  DIC_TV_SETTING_HELP,
  DIC_TV_SETTING_RENDERING_DESC,
  DIC_TV_SETTING_SCART_DESC,
  DIC_TV_SETTING_SCART_FBAS,
  DIC_TV_SETTING_SCART_RGB_FBAS,
  DIC_TV_SETTING_SCART_S_VIDEO,
  DIC_TWEET_US,
  DIC_TWEET_US_DETAILS,
  DIC_UNINSTALL,
  DIC_UNISTALL_WIDGET_CONFIRMATION,
  DIC_UNKNOWN_ARTIST,
  DIC_UNKNOWN_RECORDING_ERROR,
  DIC_UNKNOWN_SERVICE,
  DIC_UNLIMITED,
  DIC_UNSUBSCRIBED_CHANNEL,
  DIC_UNSUP_DEVICE_DESC,
  DIC_UNSUP_DEVICE_TITLE,
  DIC_UNSUP_FORMAT_DESC,
  DIC_UNSUP_FORMAT_TITLE,
  DIC_UPC_ADJUST_TIMELINE,
  DIC_UPC_CUST_CARE_INFO,
  DIC_UPC_DEFAULT_CHAN_POLICY,
  DIC_UPC_FORU_ACTIVATION,
  DIC_UPC_FORU_AUTO_RECOM_GEN_EXPL,
  DIC_UPC_FORU_EXPERT_RECOM,
  DIC_UPC_FORU_EXPLORE_RECOM,
  DIC_UPC_FORU_FEATURED,
  DIC_UPC_FORU_IMPROVE_RECOM,
  DIC_UPC_FORU_IMP_RECOM_GEN_EXPL,
  DIC_UPC_FORU_PERSONALISATION_LC,
  DIC_UPC_FORU_PERSONALISATION_UC,
  DIC_UPC_FORU_RECOM_FOR_YOU,
  DIC_UPC_FORU_RECOM_GEN_EXPL,
  DIC_UPC_FORU_RECORDED_FOR_YOU_LC,
  DIC_UPC_FORU_RECORDED_FOR_YOU_UC,
  DIC_UPC_FORU_SETTINGS,
  DIC_UPC_FORU_TRAILER,
  DIC_UPC_FORU_WATCH_RECOR_PROGS,
  DIC_UPC_IMPROVE_RECOM_ACTION_MENU,
  DIC_UPDATE_AVAILABLE_DESCRIPTION,
  DIC_UPDATE_AVAILABLE_QUERY,
  DIC_UPDATE_SETTINGS_BTN_UPDATE,
  DIC_UPDATE_SETTINGS_HELP,
  DIC_UPDATE_SETTINGS_PAGE_UPDATE_TIME,
  DIC_UPDATE_SETTINGS_UPDATE_TIMER_CONFLICT,
  DIC_UPDATE_SETTINGS_UPDATE_TIME_INVALID,
  DIC_UPDATE_TASK_CA,
  DIC_UPDATE_TASK_MSG,
  DIC_UPDATE_TASK_MSG_PVR,
  DIC_UPDATE_TASK_PROGRAM,
  DIC_UPDATE_TASK_SCANNING,
  DIC_UPDATE_TASK_SSU_DETECT,
  DIC_UPDATE_TASK_SUBTITLE,
  DIC_UPDATE_TASK_SYSTEM,
  DIC_UPDATE_TASK_TIMER_CONFLICT_MSG,
  DIC_UPGRADE_CHANNEL_LIST_SELECTION_HELP_TEXTS,
  DIC_UPGRADE_CHANNEL_LIST_SELECTION_HELP_TITLE,
  DIC_UPGRADE_INSTALL_FIRST_STEP,
  DIC_UPGRADE_INSTALL_SECOND_STEP,
  DIC_UPGRADE_INSTALL_THIRD_STEP,
  DIC_UPGRADE_TEXTS,
  DIC_UPNP_DEVICE_INFO,
  DIC_UPSTR_PARAM_ACQUIRED,
  DIC_USAGE_ID,
  DIC_USER_SPEC_CHAN_POLICY,
  DIC_VALIDATE,
  DIC_VALID_DEVICE_DESC,
  DIC_VALID_DEVICE_TITLE,
  DIC_VERTICAL_POLARIZATION,
  DIC_VIA_ETHERNET,
  DIC_VIA_WIFI,
  DIC_VIA_WPS,
  DIC_VIDEOS,
  DIC_VIDEO_OUTPUT_AUTO,
  DIC_VIEWER_BOOKED_TOO_LATE,
  DIC_VIEWER_RESTARTED_AFTER_RECORDING_STOPPED,
  DIC_VIEWER_STOPPED,
  DIC_VIEWER_STOPPED_TUNER_CONFLICT,
  DIC_VISIT_US,
  DIC_VISIT_US_DETAILS,
  DIC_VOD_PERIOD_10_DAYS,
  DIC_VOD_PERIOD_10_WEEKS,
  DIC_VOD_PERIOD_1_MONTH,
  DIC_VOD_PERIOD_1_WEEK,
  DIC_VOD_PERIOD_1_YEAR,
  DIC_VOD_PERIOD_24_HRS,
  DIC_VOD_PERIOD_2_MONTH,
  DIC_VOD_PERIOD_2_WEEKS,
  DIC_VOD_PERIOD_3_DAYS,
  DIC_VOD_PERIOD_3_MONTHS,
  DIC_VOD_PERIOD_3_WEEKS,
  DIC_VOD_PERIOD_48_HRS,
  DIC_VOD_PERIOD_4_DAYS,
  DIC_VOD_PERIOD_4_MONTHS,
  DIC_VOD_PERIOD_4_WEEKS,
  DIC_VOD_PERIOD_5_DAYS,
  DIC_VOD_PERIOD_5_MONTHS,
  DIC_VOD_PERIOD_6_DAYS,
  DIC_VOD_PERIOD_6_MONTHS,
  DIC_VOD_PERIOD_9_MONTHS,
  DIC_VOLUME_MUTE,
  DIC_WAIT_MSG,
  DIC_WAN_CONNECTION_FAILED_MSG,
  DIC_WAN_CONNECTION_OK_MSG,
  DIC_WAN_STATUS,
  DIC_WARNINGS_BACKTOLIVE,
  DIC_WARNINGS_DATE_INVALID,
  DIC_WARNINGS_EMPTY_RECORDING_LIST_MESSAGE,
  DIC_WARNINGS_EMPTY_SHEDULED_RECORDING_LIST_MESSAGE,
  DIC_WARNINGS_INSTANTREC_NOACTION,
  DIC_WARNINGS_LIVENOTIFICATION,
  DIC_WARNINGS_MESSAGE,
  DIC_WARNINGS_NO_ACTION_TAKEN,
  DIC_WARNINGS_PASTDATE_ERROR,
  DIC_WARNINGS_REACHED_LIVE,
  DIC_WARNINGS_REWIND_NOACTION,
  DIC_WARNINGS_STEPFWD_NOACTION,
  DIC_WARNINGS_TIMESHIFT,
  DIC_WARNINGS_TITLE,
  DIC_WARNINGS_TITLE_NO_RECORDINGS,
  DIC_WARNINGS_TITLE_NO_SCHEDULED_RECORDINGS,
  DIC_WARNING_EXIT_MESSAGE,
  DIC_WARN_SAVED_IN_ARCHIV,
  DIC_WATCHED_UNWATCHED,
  DIC_WEEKDAY,
  DIC_WEEKDAYS,
  DIC_WEEKEND,
  DIC_WEEKLY,
  DIC_WEEK_YEAR_MANU,
  DIC_WIFI_AP_CHANNEL,
  DIC_WIFI_AP_CHANNEL_VALUES,
  DIC_WIFI_ENTER_AUTH_KEY,
  DIC_WIFI_INTERFACE,
  DIC_WIFI_SETTING_AUTH_TYPE,
  DIC_WIFI_SETTING_AUTH_TYPE_OTHER,
  DIC_WIFI_SSID_MANUAL,
  DIC_WIFI_SSID_NONE,
  DIC_WIFI_STATUS,
  DIC_WIZARD_START_MSG,
  DIC_WRITE_US,
  DIC_WRITE_US_DETAILS,
  DIC_WRONG_SSID_OR_KEY,
  DIC_ZAP_DROP_RECORD_AND_ZAP_END,
  DIC_ZAP_DROP_RECORD_AND_ZAP_START
